<?xml version="1.0" encoding="UTF-8"?><testrun name="US923_View_more_under_Business_Profile_should_be_a_link" project="SBAONE-ACCEPTANCE-TEST" tests="1" started="1" failures="0" errors="2" ignored="0">
  <testsuite name="all_iterations_scripts.US923_View_more_under_Business_Profile_should_be_a_link" time="69.919">
    <testcase name="US923_View_more_under_Business_Profile_should_be_a_link_mymaintest" classname="all_iterations_scripts.US923_View_more_under_Business_Profile_should_be_a_link" time="69.919">
      <error>org.openqa.selenium.NoSuchWindowException: Window not found. The browser window may have been closed.
Command duration or timeout: 112 milliseconds
Build info: version: '2.53.0', revision: '35ae25b', time: '2016-03-15 16:57:40'
System info: host: 'Test-PC', ip: '192.168.56.1', os.name: 'Windows 7', os.arch: 'amd64', os.version: '6.1', java.version: '1.8.0_91'
Driver info: org.openqa.selenium.firefox.FirefoxDriver
Capabilities [{applicationCacheEnabled=true, rotatable=false, handlesAlerts=true, databaseEnabled=true, version=45.0.2, platform=WINDOWS, nativeEvents=false, acceptSslCerts=true, webStorageEnabled=true, locationContextEnabled=true, browserName=firefox, takesScreenshot=true, javascriptEnabled=true, cssSelectorsEnabled=true}]
Session ID: ea7c659b-99b8-4bdf-a535-643bc3e3daf9
*** Element info: {Using=xpath, value=.//*[@id='dashboard-index']/div[3]/div/a}&#13;
	at sun.reflect.NativeConstructorAccessorImpl.newInstance0(Native Method)&#13;
	at sun.reflect.NativeConstructorAccessorImpl.newInstance(Unknown Source)&#13;
	at sun.reflect.DelegatingConstructorAccessorImpl.newInstance(Unknown Source)&#13;
	at java.lang.reflect.Constructor.newInstance(Unknown Source)&#13;
	at org.openqa.selenium.remote.ErrorHandler.createThrowable(ErrorHandler.java:206)&#13;
	at org.openqa.selenium.remote.ErrorHandler.throwIfResponseFailed(ErrorHandler.java:158)&#13;
	at org.openqa.selenium.remote.RemoteWebDriver.execute(RemoteWebDriver.java:678)&#13;
	at org.openqa.selenium.remote.RemoteWebDriver.findElement(RemoteWebDriver.java:363)&#13;
	at org.openqa.selenium.remote.RemoteWebDriver.findElementByXPath(RemoteWebDriver.java:500)&#13;
	at org.openqa.selenium.By$ByXPath.findElement(By.java:361)&#13;
	at org.openqa.selenium.remote.RemoteWebDriver.findElement(RemoteWebDriver.java:355)&#13;
	at all_iterations_scripts.US923_View_more_under_Business_Profile_should_be_a_link.US923_View_more_under_Business_Profile_should_be_a_link_mymaintest(US923_View_more_under_Business_Profile_should_be_a_link.java:87)&#13;
	at sun.reflect.NativeMethodAccessorImpl.invoke0(Native Method)&#13;
	at sun.reflect.NativeMethodAccessorImpl.invoke(Unknown Source)&#13;
	at sun.reflect.DelegatingMethodAccessorImpl.invoke(Unknown Source)&#13;
	at java.lang.reflect.Method.invoke(Unknown Source)&#13;
	at org.junit.runners.model.FrameworkMethod$1.runReflectiveCall(FrameworkMethod.java:45)&#13;
	at org.junit.internal.runners.model.ReflectiveCallable.run(ReflectiveCallable.java:15)&#13;
	at org.junit.runners.model.FrameworkMethod.invokeExplosively(FrameworkMethod.java:42)&#13;
	at org.junit.internal.runners.statements.InvokeMethod.evaluate(InvokeMethod.java:20)&#13;
	at org.junit.internal.runners.statements.RunBefores.evaluate(RunBefores.java:28)&#13;
	at org.junit.internal.runners.statements.RunAfters.evaluate(RunAfters.java:30)&#13;
	at org.junit.runners.ParentRunner.runLeaf(ParentRunner.java:263)&#13;
	at org.junit.runners.BlockJUnit4ClassRunner.runChild(BlockJUnit4ClassRunner.java:68)&#13;
	at org.junit.runners.BlockJUnit4ClassRunner.runChild(BlockJUnit4ClassRunner.java:47)&#13;
	at org.junit.runners.ParentRunner$3.run(ParentRunner.java:231)&#13;
	at org.junit.runners.ParentRunner$1.schedule(ParentRunner.java:60)&#13;
	at org.junit.runners.ParentRunner.runChildren(ParentRunner.java:229)&#13;
	at org.junit.runners.ParentRunner.access$000(ParentRunner.java:50)&#13;
	at org.junit.runners.ParentRunner$2.evaluate(ParentRunner.java:222)&#13;
	at org.junit.runners.ParentRunner.run(ParentRunner.java:300)&#13;
	at org.eclipse.jdt.internal.junit4.runner.JUnit4TestReference.run(JUnit4TestReference.java:86)&#13;
	at org.eclipse.jdt.internal.junit.runner.TestExecution.run(TestExecution.java:38)&#13;
	at org.eclipse.jdt.internal.junit.runner.RemoteTestRunner.runTests(RemoteTestRunner.java:459)&#13;
	at org.eclipse.jdt.internal.junit.runner.RemoteTestRunner.runTests(RemoteTestRunner.java:675)&#13;
	at org.eclipse.jdt.internal.junit.runner.RemoteTestRunner.run(RemoteTestRunner.java:382)&#13;
	at org.eclipse.jdt.internal.junit.runner.RemoteTestRunner.main(RemoteTestRunner.java:192)&#13;
Caused by: org.openqa.selenium.NoSuchWindowException: Window not found. The browser window may have been closed.
Build info: version: '2.53.0', revision: '35ae25b', time: '2016-03-15 16:57:40'
System info: host: 'Test-PC', ip: '192.168.56.1', os.name: 'Windows 7', os.arch: 'amd64', os.version: '6.1', java.version: '1.8.0_91'
Driver info: driver.version: unknown&#13;
	at &lt;anonymous class&gt;.nsCommandProcessor.prototype.execute(file:///C:/Users/DERECN~1/AppData/Local/Temp/anonymous1579278225770035537webdriver-profile/extensions/fxdriver@googlecode.com/components/command-processor.js:12719)&#13;
	at &lt;anonymous class&gt;.Dispatcher.executeAs/&lt;(file:///C:/Users/DERECN~1/AppData/Local/Temp/anonymous1579278225770035537webdriver-profile/extensions/fxdriver@googlecode.com/components/driver-component.js:9558)&#13;
	at &lt;anonymous class&gt;.Resource.prototype.handle(file:///C:/Users/DERECN~1/AppData/Local/Temp/anonymous1579278225770035537webdriver-profile/extensions/fxdriver@googlecode.com/components/driver-component.js:9705)&#13;
	at &lt;anonymous class&gt;.Dispatcher.prototype.dispatch(file:///C:/Users/DERECN~1/AppData/Local/Temp/anonymous1579278225770035537webdriver-profile/extensions/fxdriver@googlecode.com/components/driver-component.js:9652)&#13;
	at &lt;anonymous class&gt;.WebDriverServer/&lt;.handle(file:///C:/Users/DERECN~1/AppData/Local/Temp/anonymous1579278225770035537webdriver-profile/extensions/fxdriver@googlecode.com/components/driver-component.js:12517)&#13;
	at &lt;anonymous class&gt;.createHandlerFunc/&lt;(file:///C:/Users/DERECN~1/AppData/Local/Temp/anonymous1579278225770035537webdriver-profile/extensions/fxdriver@googlecode.com/components/httpd.js:2054)&#13;
	at &lt;anonymous class&gt;.ServerHandler.prototype.handleResponse(file:///C:/Users/DERECN~1/AppData/Local/Temp/anonymous1579278225770035537webdriver-profile/extensions/fxdriver@googlecode.com/components/httpd.js:2387)&#13;
	at &lt;anonymous class&gt;.Connection.prototype.process(file:///C:/Users/DERECN~1/AppData/Local/Temp/anonymous1579278225770035537webdriver-profile/extensions/fxdriver@googlecode.com/components/httpd.js:1223)&#13;
	at &lt;anonymous class&gt;.RequestReader.prototype._handleResponse(file:///C:/Users/DERECN~1/AppData/Local/Temp/anonymous1579278225770035537webdriver-profile/extensions/fxdriver@googlecode.com/components/httpd.js:1677)&#13;
	at &lt;anonymous class&gt;.RequestReader.prototype._processBody(file:///C:/Users/DERECN~1/AppData/Local/Temp/anonymous1579278225770035537webdriver-profile/extensions/fxdriver@googlecode.com/components/httpd.js:1525)&#13;
	at &lt;anonymous class&gt;.RequestReader.prototype.onInputStreamReady(file:///C:/Users/DERECN~1/AppData/Local/Temp/anonymous1579278225770035537webdriver-profile/extensions/fxdriver@googlecode.com/components/httpd.js:1393)&#13;
&#13;
org.openqa.selenium.remote.UnreachableBrowserException: Error communicating with the remote browser. It may have died.
Build info: version: '2.53.0', revision: '35ae25b', time: '2016-03-15 16:57:40'
System info: host: 'Test-PC', ip: '192.168.56.1', os.name: 'Windows 7', os.arch: 'amd64', os.version: '6.1', java.version: '1.8.0_91'
Driver info: driver.version: RemoteWebDriver
Capabilities [{applicationCacheEnabled=true, rotatable=false, handlesAlerts=true, databaseEnabled=true, version=45.0.2, platform=WINDOWS, nativeEvents=false, acceptSslCerts=true, webStorageEnabled=true, locationContextEnabled=true, browserName=firefox, takesScreenshot=true, javascriptEnabled=true, cssSelectorsEnabled=true}]
Session ID: ea7c659b-99b8-4bdf-a535-643bc3e3daf9&#13;
	at org.openqa.selenium.remote.RemoteWebDriver.execute(RemoteWebDriver.java:665)&#13;
	at org.openqa.selenium.remote.RemoteWebDriver.execute(RemoteWebDriver.java:701)&#13;
	at org.openqa.selenium.remote.RemoteWebDriver.quit(RemoteWebDriver.java:526)&#13;
	at all_iterations_scripts.US923_View_more_under_Business_Profile_should_be_a_link.US923_View_more_under_Business_Profile_should_be_a_link_teardown(US923_View_more_under_Business_Profile_should_be_a_link.java:174)&#13;
	at sun.reflect.NativeMethodAccessorImpl.invoke0(Native Method)&#13;
	at sun.reflect.NativeMethodAccessorImpl.invoke(Unknown Source)&#13;
	at sun.reflect.DelegatingMethodAccessorImpl.invoke(Unknown Source)&#13;
	at java.lang.reflect.Method.invoke(Unknown Source)&#13;
	at org.junit.runners.model.FrameworkMethod$1.runReflectiveCall(FrameworkMethod.java:45)&#13;
	at org.junit.internal.runners.model.ReflectiveCallable.run(ReflectiveCallable.java:15)&#13;
	at org.junit.runners.model.FrameworkMethod.invokeExplosively(FrameworkMethod.java:42)&#13;
	at org.junit.internal.runners.statements.RunAfters.evaluate(RunAfters.java:36)&#13;
	at org.junit.runners.ParentRunner.runLeaf(ParentRunner.java:263)&#13;
	at org.junit.runners.BlockJUnit4ClassRunner.runChild(BlockJUnit4ClassRunner.java:68)&#13;
	at org.junit.runners.BlockJUnit4ClassRunner.runChild(BlockJUnit4ClassRunner.java:47)&#13;
	at org.junit.runners.ParentRunner$3.run(ParentRunner.java:231)&#13;
	at org.junit.runners.ParentRunner$1.schedule(ParentRunner.java:60)&#13;
	at org.junit.runners.ParentRunner.runChildren(ParentRunner.java:229)&#13;
	at org.junit.runners.ParentRunner.access$000(ParentRunner.java:50)&#13;
	at org.junit.runners.ParentRunner$2.evaluate(ParentRunner.java:222)&#13;
	at org.junit.runners.ParentRunner.run(ParentRunner.java:300)&#13;
	at org.eclipse.jdt.internal.junit4.runner.JUnit4TestReference.run(JUnit4TestReference.java:86)&#13;
	at org.eclipse.jdt.internal.junit.runner.TestExecution.run(TestExecution.java:38)&#13;
	at org.eclipse.jdt.internal.junit.runner.RemoteTestRunner.runTests(RemoteTestRunner.java:459)&#13;
	at org.eclipse.jdt.internal.junit.runner.RemoteTestRunner.runTests(RemoteTestRunner.java:675)&#13;
	at org.eclipse.jdt.internal.junit.runner.RemoteTestRunner.run(RemoteTestRunner.java:382)&#13;
	at org.eclipse.jdt.internal.junit.runner.RemoteTestRunner.main(RemoteTestRunner.java:192)&#13;
Caused by: org.apache.http.conn.HttpHostConnectException: Connect to 127.0.0.1:7055 [/127.0.0.1] failed: Connection refused: connect&#13;
	at org.apache.http.impl.conn.DefaultHttpClientConnectionOperator.connect(DefaultHttpClientConnectionOperator.java:151)&#13;
	at org.apache.http.impl.conn.PoolingHttpClientConnectionManager.connect(PoolingHttpClientConnectionManager.java:353)&#13;
	at org.apache.http.impl.execchain.MainClientExec.establishRoute(MainClientExec.java:380)&#13;
	at org.apache.http.impl.execchain.MainClientExec.execute(MainClientExec.java:236)&#13;
	at org.apache.http.impl.execchain.ProtocolExec.execute(ProtocolExec.java:184)&#13;
	at org.apache.http.impl.execchain.RetryExec.execute(RetryExec.java:88)&#13;
	at org.apache.http.impl.execchain.RedirectExec.execute(RedirectExec.java:110)&#13;
	at org.apache.http.impl.client.InternalHttpClient.doExecute(InternalHttpClient.java:184)&#13;
	at org.apache.http.impl.client.CloseableHttpClient.execute(CloseableHttpClient.java:71)&#13;
	at org.apache.http.impl.client.CloseableHttpClient.execute(CloseableHttpClient.java:55)&#13;
	at org.openqa.selenium.remote.internal.ApacheHttpClient.fallBackExecute(ApacheHttpClient.java:144)&#13;
	at org.openqa.selenium.remote.internal.ApacheHttpClient.execute(ApacheHttpClient.java:90)&#13;
	at org.openqa.selenium.remote.HttpCommandExecutor.execute(HttpCommandExecutor.java:142)&#13;
	at org.openqa.selenium.firefox.internal.NewProfileExtensionConnection.execute(NewProfileExtensionConnection.java:160)&#13;
	at org.openqa.selenium.firefox.FirefoxDriver$LazyCommandExecutor.execute(FirefoxDriver.java:380)&#13;
	at org.openqa.selenium.remote.RemoteWebDriver.execute(RemoteWebDriver.java:644)&#13;
	... 26 more&#13;
Caused by: java.net.ConnectException: Connection refused: connect&#13;
	at java.net.DualStackPlainSocketImpl.waitForConnect(Native Method)&#13;
	at java.net.DualStackPlainSocketImpl.socketConnect(Unknown Source)&#13;
	at java.net.AbstractPlainSocketImpl.doConnect(Unknown Source)&#13;
	at java.net.AbstractPlainSocketImpl.connectToAddress(Unknown Source)&#13;
	at java.net.AbstractPlainSocketImpl.connect(Unknown Source)&#13;
	at java.net.PlainSocketImpl.connect(Unknown Source)&#13;
	at java.net.SocksSocketImpl.connect(Unknown Source)&#13;
	at java.net.Socket.connect(Unknown Source)&#13;
	at org.apache.http.conn.socket.PlainConnectionSocketFactory.connectSocket(PlainConnectionSocketFactory.java:74)&#13;
	at org.apache.http.impl.conn.DefaultHttpClientConnectionOperator.connect(DefaultHttpClientConnectionOperator.java:134)&#13;
	... 41 more&#13;
&#13;
</error>
    </testcase>
  </testsuite>
</testrun>
