<?xml version="1.0" encoding="UTF-8"?><testrun name="US934_change_Continue_buttons_to_Save_and_continue_within_questionnaire" project="SBAONE-ACCEPTANCE-TEST" tests="1" started="1" failures="0" errors="1" ignored="0">
  <testsuite name="all_iterations_scripts.US934_change_Continue_buttons_to_Save_and_continue_within_questionnaire" time="672.036">
    <testcase name="US709_WOSB_Self_Certifies_EDWOSB_and_8_a_Users_reviews_Privacy_Statement_413_mymaintest" classname="all_iterations_scripts.US934_change_Continue_buttons_to_Save_and_continue_within_questionnaire" time="672.036">
      <error>org.openqa.selenium.ElementNotVisibleException: Element is not currently visible and so may not be interacted with
Command duration or timeout: 12 milliseconds
Build info: version: '2.53.0', revision: '35ae25b', time: '2016-03-15 16:57:40'
System info: host: 'Test-PC', ip: '10.1.10.141', os.name: 'Windows 7', os.arch: 'amd64', os.version: '6.1', java.version: '1.8.0_91'
Driver info: org.openqa.selenium.firefox.FirefoxDriver
Capabilities [{applicationCacheEnabled=true, rotatable=false, handlesAlerts=true, databaseEnabled=true, version=45.0.2, platform=WINDOWS, nativeEvents=false, acceptSslCerts=true, webStorageEnabled=true, locationContextEnabled=true, browserName=firefox, takesScreenshot=true, javascriptEnabled=true, cssSelectorsEnabled=true}]
Session ID: cc04d464-b5f2-41b1-a2fd-c2c99c494497&#13;
	at sun.reflect.NativeConstructorAccessorImpl.newInstance0(Native Method)&#13;
	at sun.reflect.NativeConstructorAccessorImpl.newInstance(Unknown Source)&#13;
	at sun.reflect.DelegatingConstructorAccessorImpl.newInstance(Unknown Source)&#13;
	at java.lang.reflect.Constructor.newInstance(Unknown Source)&#13;
	at org.openqa.selenium.remote.ErrorHandler.createThrowable(ErrorHandler.java:206)&#13;
	at org.openqa.selenium.remote.ErrorHandler.throwIfResponseFailed(ErrorHandler.java:158)&#13;
	at org.openqa.selenium.remote.RemoteWebDriver.execute(RemoteWebDriver.java:678)&#13;
	at org.openqa.selenium.remote.RemoteWebElement.execute(RemoteWebElement.java:327)&#13;
	at org.openqa.selenium.remote.RemoteWebElement.click(RemoteWebElement.java:85)&#13;
	at all_iterations_scripts.US934_change_Continue_buttons_to_Save_and_continue_within_questionnaire.US709_WOSB_Self_Certifies_EDWOSB_and_8_a_Users_reviews_Privacy_Statement_413_mymaintest(US934_change_Continue_buttons_to_Save_and_continue_within_questionnaire.java:1382)&#13;
	at sun.reflect.NativeMethodAccessorImpl.invoke0(Native Method)&#13;
	at sun.reflect.NativeMethodAccessorImpl.invoke(Unknown Source)&#13;
	at sun.reflect.DelegatingMethodAccessorImpl.invoke(Unknown Source)&#13;
	at java.lang.reflect.Method.invoke(Unknown Source)&#13;
	at org.junit.runners.model.FrameworkMethod$1.runReflectiveCall(FrameworkMethod.java:45)&#13;
	at org.junit.internal.runners.model.ReflectiveCallable.run(ReflectiveCallable.java:15)&#13;
	at org.junit.runners.model.FrameworkMethod.invokeExplosively(FrameworkMethod.java:42)&#13;
	at org.junit.internal.runners.statements.InvokeMethod.evaluate(InvokeMethod.java:20)&#13;
	at org.junit.internal.runners.statements.RunBefores.evaluate(RunBefores.java:28)&#13;
	at org.junit.internal.runners.statements.RunAfters.evaluate(RunAfters.java:30)&#13;
	at org.junit.runners.ParentRunner.runLeaf(ParentRunner.java:263)&#13;
	at org.junit.runners.BlockJUnit4ClassRunner.runChild(BlockJUnit4ClassRunner.java:68)&#13;
	at org.junit.runners.BlockJUnit4ClassRunner.runChild(BlockJUnit4ClassRunner.java:47)&#13;
	at org.junit.runners.ParentRunner$3.run(ParentRunner.java:231)&#13;
	at org.junit.runners.ParentRunner$1.schedule(ParentRunner.java:60)&#13;
	at org.junit.runners.ParentRunner.runChildren(ParentRunner.java:229)&#13;
	at org.junit.runners.ParentRunner.access$000(ParentRunner.java:50)&#13;
	at org.junit.runners.ParentRunner$2.evaluate(ParentRunner.java:222)&#13;
	at org.junit.runners.ParentRunner.run(ParentRunner.java:300)&#13;
	at org.eclipse.jdt.internal.junit4.runner.JUnit4TestReference.run(JUnit4TestReference.java:86)&#13;
	at org.eclipse.jdt.internal.junit.runner.TestExecution.run(TestExecution.java:38)&#13;
	at org.eclipse.jdt.internal.junit.runner.RemoteTestRunner.runTests(RemoteTestRunner.java:459)&#13;
	at org.eclipse.jdt.internal.junit.runner.RemoteTestRunner.runTests(RemoteTestRunner.java:675)&#13;
	at org.eclipse.jdt.internal.junit.runner.RemoteTestRunner.run(RemoteTestRunner.java:382)&#13;
	at org.eclipse.jdt.internal.junit.runner.RemoteTestRunner.main(RemoteTestRunner.java:192)&#13;
Caused by: org.openqa.selenium.ElementNotVisibleException: Element is not currently visible and so may not be interacted with
Build info: version: '2.53.0', revision: '35ae25b', time: '2016-03-15 16:57:40'
System info: host: 'Test-PC', ip: '10.1.10.141', os.name: 'Windows 7', os.arch: 'amd64', os.version: '6.1', java.version: '1.8.0_91'
Driver info: driver.version: unknown&#13;
	at &lt;anonymous class&gt;.fxdriver.preconditions.visible(file:///C:/Users/DERECN~1/AppData/Local/Temp/anonymous3082788895937429748webdriver-profile/extensions/fxdriver@googlecode.com/components/command-processor.js:10092)&#13;
	at &lt;anonymous class&gt;.DelayedCommand.prototype.checkPreconditions_(file:///C:/Users/DERECN~1/AppData/Local/Temp/anonymous3082788895937429748webdriver-profile/extensions/fxdriver@googlecode.com/components/command-processor.js:12644)&#13;
	at &lt;anonymous class&gt;.DelayedCommand.prototype.executeInternal_/h(file:///C:/Users/DERECN~1/AppData/Local/Temp/anonymous3082788895937429748webdriver-profile/extensions/fxdriver@googlecode.com/components/command-processor.js:12661)&#13;
	at &lt;anonymous class&gt;.DelayedCommand.prototype.executeInternal_(file:///C:/Users/DERECN~1/AppData/Local/Temp/anonymous3082788895937429748webdriver-profile/extensions/fxdriver@googlecode.com/components/command-processor.js:12666)&#13;
	at &lt;anonymous class&gt;.DelayedCommand.prototype.execute/&lt;(file:///C:/Users/DERECN~1/AppData/Local/Temp/anonymous3082788895937429748webdriver-profile/extensions/fxdriver@googlecode.com/components/command-processor.js:12608)&#13;
&#13;
</error>
    </testcase>
  </testsuite>
</testrun>
