<html xmlns:string="xalan://java.lang.String" xmlns:lxslt="http://xml.apache.org/xslt">
<head>
<META http-equiv="Content-Type" content="text/html; charset=UTF-8">
<title>Unit Test Results: All Tests</title>
<link rel="stylesheet" type="text/css" title="Style" href="stylesheet.css">
</head>
<body onload="open('allclasses-frame.html','classListFrame')">
<h1>Unit Test Results.</h1>
<table width="100%">
<tr>
<td align="left"></td><td align="right">Designed for use with <a href="http://www.junit.org/">JUnit</a> and <a href="http://ant.apache.org/">Ant</a>.</td>
</tr>
</table>
<hr size="1">
<h2>All Tests</h2>
<table class="details" border="0" cellpadding="5" cellspacing="2" width="95%">
<tr valign="top">
<th>Class</th><th>Name</th><th>Status</th><th width="80%">Type</th><th nowrap>Time(s)</th>
</tr>
<tr valign="top" class="TableRowColor">
<td><a href="all_staging_test_runs/0_Am_I_Eligible_Csenario2_Staging.html">Am_I_Eligible_Csenario2_Staging</a></td><td><a name="AM_I_Eligible_maintest"></a><a href="all_staging_test_runs/0_Am_I_Eligible_Csenario2_Staging.html#AM_I_Eligible_maintest">AM_I_Eligible_maintest</a></td><td>Success</td><td></td><td>50.358</td>
</tr>
<tr valign="top" class="TableRowColor">
<td><a href="all_staging_test_runs/1_Am_I_Eligible_Scenario10_Staging.html">Am_I_Eligible_Scenario10_Staging</a></td><td><a name="AM_I_Eligible_maintest"></a><a href="all_staging_test_runs/1_Am_I_Eligible_Scenario10_Staging.html#AM_I_Eligible_maintest">AM_I_Eligible_maintest</a></td><td>Success</td><td></td><td>35.622</td>
</tr>
<tr valign="top" class="TableRowColor">
<td><a href="all_staging_test_runs/2_Am_I_Eligible_Scenario11_Staging.html">Am_I_Eligible_Scenario11_Staging</a></td><td><a name="AM_I_Eligible_maintest"></a><a href="all_staging_test_runs/2_Am_I_Eligible_Scenario11_Staging.html#AM_I_Eligible_maintest">AM_I_Eligible_maintest</a></td><td>Success</td><td></td><td>26.195</td>
</tr>
<tr valign="top" class="TableRowColor">
<td><a href="all_staging_test_runs/3_Am_I_Eligible_Scenario3_Staging.html">Am_I_Eligible_Scenario3_Staging</a></td><td><a name="AM_I_Eligible_maintest"></a><a href="all_staging_test_runs/3_Am_I_Eligible_Scenario3_Staging.html#AM_I_Eligible_maintest">AM_I_Eligible_maintest</a></td><td>Success</td><td></td><td>47.890</td>
</tr>
<tr valign="top" class="TableRowColor">
<td><a href="all_staging_test_runs/4_Am_I_Eligible_Scenario4_Staging.html">Am_I_Eligible_Scenario4_Staging</a></td><td><a name="AM_I_Eligible_maintest"></a><a href="all_staging_test_runs/4_Am_I_Eligible_Scenario4_Staging.html#AM_I_Eligible_maintest">AM_I_Eligible_maintest</a></td><td>Success</td><td></td><td>50.065</td>
</tr>
<tr valign="top" class="TableRowColor">
<td><a href="all_staging_test_runs/5_Am_I_Eligible_Scenario5_Staging.html">Am_I_Eligible_Scenario5_Staging</a></td><td><a name="AM_I_Eligible_maintest"></a><a href="all_staging_test_runs/5_Am_I_Eligible_Scenario5_Staging.html#AM_I_Eligible_maintest">AM_I_Eligible_maintest</a></td><td>Success</td><td></td><td>50.168</td>
</tr>
<tr valign="top" class="TableRowColor">
<td><a href="all_staging_test_runs/6_Am_I_Eligibles_Scenario_1_EDWOB_Possitive_Staging.html">Am_I_Eligibles_Scenario_1_EDWOB_Possitive_Staging</a></td><td><a name="AM_I_Eligible_maintest"></a><a href="all_staging_test_runs/6_Am_I_Eligibles_Scenario_1_EDWOB_Possitive_Staging.html#AM_I_Eligible_maintest">AM_I_Eligible_maintest</a></td><td>Success</td><td></td><td>50.030</td>
</tr>
<tr valign="top" class="Error">
<td><a href="all_staging_test_runs/7_Analyst_search_View_vendors_Record_Staging.html">Analyst_search_View_vendors_Record_Staging</a></td><td><a name="Analyst_search_View_vendors_Record_Regression_Maintest"></a><a href="all_staging_test_runs/7_Analyst_search_View_vendors_Record_Staging.html#Analyst_search_View_vendors_Record_Regression_Maintest">Analyst_search_View_vendors_Record_Regression_Maintest</a></td><td>Error</td><td>Unable to locate element: {"method":"xpath","selector":".//*[@id='query']"}
Command duration or timeout: 45 milliseconds
For documentation on this error, please visit: http://seleniumhq.org/exceptions/no_such_element.html
Build info: version: '2.53.0', revision: '35ae25b', time: '2016-03-15 16:57:40'
System info: host: 'Test-PC', ip: '10.1.10.141', os.name: 'Windows 7', os.arch: 'amd64', os.version: '6.1', java.version: '1.8.0_91'
Driver info: org.openqa.selenium.firefox.FirefoxDriver
Capabilities [{applicationCacheEnabled=true, rotatable=false, handlesAlerts=true, databaseEnabled=true, version=45.0.2, platform=WINDOWS, nativeEvents=false, acceptSslCerts=true, webStorageEnabled=true, locationContextEnabled=true, browserName=firefox, takesScreenshot=true, javascriptEnabled=true, cssSelectorsEnabled=true}]
Session ID: 750fd66b-712c-4078-be43-ec92fe973c0d
*** Element info: {Using=xpath, value=.//*[@id='query']}<br>
<br>
<code>org.openqa.selenium.NoSuchElementException: Unable to locate element: {"method":"xxpath","selector":".//*[@id='query']"}<br>Command duration or timeout: 45 milliseconds<br>For documentation on this error, please visit: http://seleniumhq.org/exceptions/no_such_element.html<br>Build info: version: '2.53.0', revision: '35ae25b', time: '2016-03-15 16:57:40'<br>System info: host: 'Test-PC', ip: '10.1.10.141', os.name: 'Windows 7', os.arch: 'amd64', os.version: '6.1',  java.version: '1.8.0_91'<br>Driver info: org.openqa.selenium.firefox.FirefoxDriver<br>Capabilities [{applicationCacheEnabled=true, rotatable=false, handlesAlerts=true, databaseEnabled=true, version=45.0.2, platform=WINDOWS, nativeEvents=false, acceptSslCerts=true, webStorageEnabled=true, locationContextEnabled=true, browserName=firefox, takesScreenshot=true, javascriptEnabled=true, cssSelectorsEnabled=true}]<br>Session ID: 750fd66b-712c-4078-be43-ec92fe973c0d<br>*** Element info: {Using=xpath, value=.//*[@id='query']}<br>	at java.lang.reflect.Constructor.newInstancce(Unknown Source)<br>	at org.openqa.selenium.reemote.ErrorHandler.createThrowable(ErrorHandler.java:206)<br>	at org.openqa.selenium.remote.ErrorHandler.throwIfResponseFailed(ErrorHandler.java:158)<br>	at org.openqa.selenium.remote.RemoteWebDriver.execute(RemoteWebDriver.java:678)<br>	at org.openqa.selenium.remote.RemoteWebDriver.findElement(RemooteWebDriver.java:363)<br>	at org.openqa.selenium.remote.RemoteWebDriver.findElementByXPath(RemoteWebDDriver.java:500)<br>	at org.openqa.selenium.Byy$ByXPath.findElement(By.java:361)<br>	at org.openqa.selenium.remote.RemoteWebDriver.findElement(RemoteWebDriver.java:355)<br>	at all_staging_test_runs.Analyst_search_View_vendors_Record_Staging.Analyst_search_View_vendorrs_Record_Regression_Maintest(Analyst_search_View_vendors_Record_Staging.java:88)<br>Caused by: org.openqa.selenium.NoSuchElementException: Unable to locate element: {"method":"xpath","selector":".//*[[@id='query']"}<br>For documentation on thiss error, please visit: http://seleniumhq.org/exceptions/no_such_element.html<br>Build inffo: version: '2.53.0', revision: '35ae25b', time: '2016-03-15 16:57:40'<br>System info: host: 'Test-PC', ip: '10.1.10.141', os.name: 'Windows 7', os.arch: 'amd664', os.version: '6.1', java.version: '1.8.0_91'<br>Driver info: driver.veersion: unknown<br>	at &lt;anonymous class&gt;.FirefoxDriver.prototype.findElementInternal_(file:///C:/Users/DERECN~1/AppData/Local/Temp/anonymous1484440054378980582webdriver-profile/extensions/fxdriver@googlecode.com/components/driver-component.js:100770)<br>	at &lt;anonymous class&gt;.FirefoxDriver.prototype.findElement(file:///C:/Users/DERECN~1/AppData/Local/Temp/anonymous1484440054378980582webdriver-profile/extensions/fxdriver@googlecode.com/components/driver-component.js:10779)<br>	at &lt;anonymous class&gt;.DelayedCommand.prototype.executeInternal_/h(file:///C:/Users/DERECN~1/AppData/Local/Temp/anonymous1484440054378980582webdriver-profile/extensions/fxdriver@googlecode.com/components/command-processor.js:12661))<br>	at &lt;anonymous class&gt;.DelayedCommand.prototype.executeInternal_(file:///C:/Users/DERECN~1/AppData/Local/Temp/aanonymous1484440054378980582webdriver-profile/extensions/fxdriver@googlecode.com/components/command-processor.js:12666)<br>	at &lt;anonymous class&gt;.DelayedCommand.prototype.execute/&lt;(file:///C:/Users/DERECN~1/AppData/Local/Temp/anonymouss1484440054378980582webdriver-profile/extensions/fxdriver@googlecode.com/components/command-processor.js:12608)<br>
</code></td><td>12.613</td>
</tr>
<tr valign="top" class="TableRowColor">
<td><a href="all_staging_test_runs/8_EDWASB_Prepare_for_Self_Certification_Staging.html">EDWASB_Prepare_for_Self_Certification_Staging</a></td><td><a name="WOSB_Prepare_for_Self_Certification_Main_test"></a><a href="all_staging_test_runs/8_EDWASB_Prepare_for_Self_Certification_Staging.html#WOSB_Prepare_for_Self_Certification_Main_test">WOSB_Prepare_for_Self_Certification_Main_test</a></td><td>Success</td><td></td><td>15.447</td>
</tr>
<tr valign="top" class="Error">
<td><a href="all_staging_test_runs/9_EDWOSB_Other_Real_State_US649_FM_Staging.html">EDWOSB_Other_Real_State_US649_FM_Staging</a></td><td><a name="EDWOSB_Real_State_Other_MainTest"></a><a href="all_staging_test_runs/9_EDWOSB_Other_Real_State_US649_FM_Staging.html#EDWOSB_Real_State_Other_MainTest">EDWOSB_Real_State_Other_MainTest</a></td><td>Error</td><td>Unable to locate element: {"method":"xpath","selector":".//*[@id='dashboard-index']/div[1]"}
Command duration or timeout: 15.08 seconds
For documentation on this error, please visit: http://seleniumhq.org/exceptions/no_such_element.html
Build info: version: '2.53.0', revision: '35ae25b', time: '2016-03-15 16:57:40'
System info: host: 'Test-PC', ip: '10.1.10.141', os.name: 'Windows 7', os.arch: 'amd64', os.version: '6.1', java.version: '1.8.0_91'
Driver info: org.openqa.selenium.firefox.FirefoxDriver
Capabilities [{applicationCacheEnabled=true, rotatable=false, handlesAlerts=true, databaseEnabled=true, version=45.0.2, platform=WINDOWS, nativeEvents=false, acceptSslCerts=true, webStorageEnabled=true, locationContextEnabled=true, browserName=firefox, takesScreenshot=true, javascriptEnabled=true, cssSelectorsEnabled=true}]
Session ID: 0fe17885-2983-419f-8c81-2f3b76c5357b
*** Element info: {Using=xpath, value=.//*[@id='dashboard-index']/div[1]}<br>
<br>
<code>org.openqa.selenium.NoSuchElementException: Unable to locate element: {"method":"xpath","selector":".//*[@id='dashboard-index']/div[1]"}<br>Command duration or timeout: 15.08 seconds<br>For documentation on this error, please visit: http://seleniumhq.orrg/exceptions/no_such_element.html<br>Build info: version: '2.53.0', revision: '35ae25b', time: '2016-03-15 16:57:40'<br>System info: host: 'Test-PC', ip: '10.1.10.141', os.name: 'Windows 7', os.arrch: 'amd64', os.version: '6.1', java.version: '1.8.0_91'<br>Driver info: org.openqa.selenium.firefox.FirefoxDriver<br>Capabilities [{applicationCacheEnabled=true, rotatable=false, handlesAlerts=true, databaseEnabled=true, version=45.0.2, platform=WINDOWS, nativeEvents=false, acceptSslCerts=true, webStorageEnabled=true, locationContextEnabled=true, browserName=firefox, takesScreenshot=true, javascriptEnabled=true, cssSelectorsEnabled=true}]<br>Session ID: 0fe17885-2983-419f-8c81-2f3b76c5357b<br>*** Element info: {Using=xpath, value=.//*[@id='dashboard-index']/div[1]}<br>	at java.laang.reflect.Constructor.newInstance(Unknown Source)<br>	at org.openqa.selenium.remote.ErrorHandler.createThrowable(ErrorHandler.javva:206)<br>	at org.openqa.selenium.remote.ErrorHandler.throwIfResponseFailed(ErrorHandler.java:1158)<br>	at org.openqa.selenium.remote.RemoteWWebDriver.execute(RemoteWebDriver.java:678)<br>	at org.openqa.selenium.remote.RemoteWebDriver.findElement(RemoteWebDriver.java:363)<br>	at org.openqa.selenium.remote.RemoteWebDriver.findElementByXPath(RemoteWebDriver.java:500)<br>	at org.openqa.selenium.By$ByXPath.findElement(By.java:361)<br>	at org.openqa.selenium.remote.RemoteWebDrriver.findElement(RemoteWebDriver.java:355)<br>	at all_staging_test_runs.EDWOSB_Other_Real_State_US649_FM_Staging.EDWOSB_Real_State_Other_MainTest(EDWOSB_Other_Real_Staate_US649_FM_Staging.java:232)<br>Caused by: org.openqa.selenium.NoSuchElementException: Unable to locate element: {"method":"xpath","selector":".//*[@id='dashboard-index']/div[1]"}<br>For documentatioon on this error, please visit: http://seleniumhq.org/exceptions/no_such_element.html<br>Build info: version: '2.53.0', revision: '35ae25b', time: '2016-03-15 16:57:40'<br>System info: host: 'Test-PC', ip: '10.1.10.141', os.name: 'Windows 7', os.arch: 'amd64', os.version: '6.1', java.version: '1.8.0_91'<br>Driver info: driver.version: unknown<br>	at &lt;anonymous class&gt;.FirefoxDriver.prototype.findElementInternal_(file:///C:/Users/DERECN~1/AppData/Local/Temp/anonymous1649208131564056265webdrriver-profile/extensions/fxdriver@googlecode.com/components/driver-component.js:10770)<br>	at &lt;anonymous class&gt;.fxdriver.Timer.prototype.setTimeout/&lt;.notify(file:///C:/Users/DERECN~1/AppData/Local/Temp/anonymous1649208131564056265webdriver-profile/extensions/fxdriver@googlecode.com/components/driver-component.js:625)<br>
</code></td><td>27.414</td>
</tr>
<tr valign="top" class="Error">
<td><a href="all_staging_test_runs/10_Edith_Password2_Staging.html">Edith_Password2_Staging</a></td><td><a name="Edith_Password2_Regression_Test_Maintest"></a><a href="all_staging_test_runs/10_Edith_Password2_Staging.html#Edith_Password2_Regression_Test_Maintest">Edith_Password2_Regression_Test_Maintest</a></td><td>Error</td><td>Unable to locate element: {"method":"link text","selector":"My Profile"}
Command duration or timeout: 80 milliseconds
For documentation on this error, please visit: http://seleniumhq.org/exceptions/no_such_element.html
Build info: version: '2.53.0', revision: '35ae25b', time: '2016-03-15 16:57:40'
System info: host: 'Test-PC', ip: '10.1.10.141', os.name: 'Windows 7', os.arch: 'amd64', os.version: '6.1', java.version: '1.8.0_91'
Driver info: org.openqa.selenium.firefox.FirefoxDriver
Capabilities [{applicationCacheEnabled=true, rotatable=false, handlesAlerts=true, databaseEnabled=true, version=45.0.2, platform=WINDOWS, nativeEvents=false, acceptSslCerts=true, webStorageEnabled=true, locationContextEnabled=true, browserName=firefox, takesScreenshot=true, javascriptEnabled=true, cssSelectorsEnabled=true}]
Session ID: 5f014e31-71a1-4bd2-966d-e0e6aaec2197
*** Element info: {Using=link text, value=My Profile}<br>
<br>
<code>org.openqa.selenium.NoSuchElementException: Unable to locate element: {"method":""link text","selector":"My Profile"}<br>Command duratiion or timeout: 80 milliseconds<br>For documentation on this error, please visit: http://seleniumhq.org/exceptions/no_such_element.html<br>Build info: version: '2.53.0', revision: '35ae25b', time: '2016-03-15 16:57:40'<br>System info: host: 'Test-PC', ip: '10.1.10.141', os.name: 'Windows 7', os.arch: 'amd64', os.version: '6.1', java.version: '1.8.0_91'<br>Driver info: org.openqa.selenium.firefox.FirefoxDriver<br>Capabilities [{applicationCacheEnabled=true, rotatable=false, handlesAlerts=true, databaseEnabled=true, version=45.0.2, platform=WINDOWS, nativeEvents=false, acceptSslCerts=true, webStorageEnabled=true, locationContextEnabled=true, browserName=firefox, takesScreenshot=true, javascriptEnabled=true, cssSelectorsEnabled=true}]<br>Session ID: 5f014e31-71a1-4bd2-966d-e0e6aaec2197<br>*** Element info: {Using=link text, value=My Profile}<br>	at java.lang.reflect.Constructor.newInstancee(Unknown Source)<br>	at org.openqa.selenium.remote.ErrorHandler.createThrowable(ErrorHandler.java:206)<br>	at org.openqa.selenium.remote.ErrorHandler.throwIfResponseFailed(ErrorHandler.java:158)<br>	at org.openqa.selenium.remote.RemoteWebDriver.execute(RemoteWebDriver.java:678)<br>	at org.openqa.selenium.remote.RemoteWebDriver.findElement(RemoteWebDriver.java:363)<br>	at org.openqa.selenium.remote.RemoteWebDriver.findElementByLinkText(RemoteWebDDriver.java:428)<br>	at org.openqa.selenium.Byy$ByLinkText.findElement(By.java:246)<br>	at org.openqa.selenium.remote.RemoteWebDriver.findElement(RemoteWebDriver.java:355)<br>	at all_staging_test_runs.Edith_Password2_Staging.Edith_Password22_Regression_Test_Maintest(Edith_Password2_Staging.java:75)<br>Caused by: org.openqa.selenium.NoSuchElementException: Unable to locate element: {"method":"link text","selector"::"My Profile"}<br>For documentation on this error, please visit: http://seleniumhq.org/exceptions/no_such_element.html<br>Build infoo: version: '2.53.0', revision: '35ae25b', time: '2016-03-15 16:57:40'<br>System info: host: 'Test-PC', ip: '10.1.10.141', os.name: 'Windows 7', os.arch: 'amd64', os.version: '6.1', java.version: '1.8.0_91'<br>Driver info: driver.version: unknown<br>	at &lt;anonymous class&gt;.FirefoxDriver.prototype.findElementInternal_(file:///C:/Users/DERECN~1/AppData/Local/Temp/anonymous962043319633900256webdriver-profile/extensions/fxdriver@googlecode.com/components/driver-component.js:100770)<br>	at &lt;anonymous class&gt;.FirefoxDriver.prototype.findElement(file:///C:/Users/DERECN~1/AppData/Local/Temp/anonymous962043319633900256webdriver-profile/extensions/fxdriver@googlecode.com/components/driver-component.js:10779)<br>	at &lt;anonymous class&gt;.DelayedCommand.prototype.executeInternal_/h(file:///C:/Users/DERECN~1/AppData/Local/Temp/anonymous962043319633900256webdriver-profile/extensions/fxdriver@googlecode.com/components/command-processor.js:12661)<br>	at &lt;anonymous class&gt;.DelayedCommand.prototype.executeInternal_(file:///C:/Users/DERECN~1/AppData/Local/Temp/anonymous962043319633900256webdriver-profile/extensions/fxdriver@googlecode.com/components/command-processor.js:12666)<br>	at &lt;anonymous class&gt;.DelayedCommand.prototype.execute/&lt;(file:///C:/Users/DERECN~1/AppData/Local/Temp/anonymous962043319633900256webdriver-profile/extensions/fxdriver@googlecode.com/components/command-processor.js:12608)<br>
</code></td><td>21.568</td>
</tr>
<tr valign="top" class="TableRowColor">
<td><a href="all_staging_test_runs/11_Edith_Password_Staging.html">Edith_Password_Staging</a></td><td><a name="Edith_Password_Regression_Test_Maintest"></a><a href="all_staging_test_runs/11_Edith_Password_Staging.html#Edith_Password_Regression_Test_Maintest">Edith_Password_Regression_Test_Maintest</a></td><td>Success</td><td></td><td>48.482</td>
</tr>
<tr valign="top" class="Error">
<td><a href="all_staging_test_runs/12_Eight_A_Self_Certify_Answer_Question_and_Attached_Documents_US438_Staging.html">Eight_A_Self_Certify_Answer_Question_and_Attached_Documents_US438_Staging</a></td><td><a name="EDWOSB_Self_Certify_Answer_Question_and_Attached_Documents_Maintest"></a><a href="all_staging_test_runs/12_Eight_A_Self_Certify_Answer_Question_and_Attached_Documents_US438_Staging.html#EDWOSB_Self_Certify_Answer_Question_and_Attached_Documents_Maintest">EDWOSB_Self_Certify_Answer_Question_and_Attached_Documents_Maintest</a></td><td>Error</td><td>Element is not clickable at point (1200.1500244140625, 38). Other element would receive the click: &lt;div class="modal-fade-screen"&gt;&lt;/div&gt;
Command duration or timeout: 68 milliseconds
Build info: version: '2.53.0', revision: '35ae25b', time: '2016-03-15 16:57:40'
System info: host: 'Test-PC', ip: '10.1.10.141', os.name: 'Windows 7', os.arch: 'amd64', os.version: '6.1', java.version: '1.8.0_91'
Driver info: org.openqa.selenium.firefox.FirefoxDriver
Capabilities [{applicationCacheEnabled=true, rotatable=false, handlesAlerts=true, databaseEnabled=true, version=45.0.2, platform=WINDOWS, nativeEvents=false, acceptSslCerts=true, webStorageEnabled=true, locationContextEnabled=true, browserName=firefox, takesScreenshot=true, javascriptEnabled=true, cssSelectorsEnabled=true}]
Session ID: 67726cb8-8604-44ce-a875-359dac38638b<br>
<br>
<code>org.openqa.selenium.WebDriverException: Element is not clickable at point (1200.1500244140625, 38). Other element would receive the click: &lt;div class="modal-fade-screen"&gt;&lt;/div&gt;<br>Command duration or timeout: 68 milliseconds<br>Build info: version: '2.53.0', revision: '35ae25b', time: '2016-03-15 16:57:40'<br>System info: host: 'Test-PC', ip: '10.1.10.141', os.name: 'Windows 7', os.arch: 'amd64', os.version: '6.1'', java.version: '1.8.0_91'<br>Driver info: org.openqa.selenium.firefox.FirefoxDriver<br>Capabilities [{applicationCacheEnabled=true, rotatable=false, handlesAlerts=true, databaseEnabled=true, version=45.0.2, platform=WINDOWS, nativeEvents=false, acceptSslCerts=true, webStorageEnabled=true, locationContextEnabled=true, browserName=firefox, takesScreenshot=true, javascriptEnabled=true, cssSelecctorsEnabled=true}]<br>Session ID: 67726cb8-8604-44ce-a875-359dac38638b<br>	at java.lang.reflect.Constructor.newInstance(Unnknown Source)<br>	at org.openqa.selenium.remotee.ErrorHandler.createThrowable(ErrorHandler.java:206)<br>	at org.openqa.selenium.remote.ErrorHandler.throwIfResponseFailed(ErrorHandler.java:158)<br>	at org.openqa.selenium.remote.RemoteWebDriver.execute(RemoteWebDriver.java:678)<br>	at org.openqa.selenium.rremote.RemoteWebElement.execute(RemoteWebElement.java:327)<br>	at org.openqa.selenium.remote.RemoteWebElement.click(RemoteWebElement.java:85)<br>	at all_staging_test_runs.Eight_A_Self_Certify_Answer_Question_and_Attached_Documents_US438_Staging.EDWOSB_Self_Certify_Answer_Question_and_Attached_Documents_Maintest(Eight_A_Self_Certify_Answer_Question_and_Attached_Documents_US438_Staging.java:76)<br>
</code></td><td>21.639</td>
</tr>
<tr valign="top" class="Error">
<td><a href="all_staging_test_runs/13_Login_Regression_Test.html">Login_Regression_Test</a></td><td><a name="Login_Regression_Test_mymaintest"></a><a href="all_staging_test_runs/13_Login_Regression_Test.html#Login_Regression_Test_mymaintest">Login_Regression_Test_mymaintest</a></td><td>Error</td><td>Unable to locate element: {"method":"xpath","selector":".//*[@id='js-navigation-menu2']/li[3]/a"}
Command duration or timeout: 20 milliseconds
For documentation on this error, please visit: http://seleniumhq.org/exceptions/no_such_element.html
Build info: version: '2.53.0', revision: '35ae25b', time: '2016-03-15 16:57:40'
System info: host: 'Test-PC', ip: '10.1.10.141', os.name: 'Windows 7', os.arch: 'amd64', os.version: '6.1', java.version: '1.8.0_91'
Driver info: org.openqa.selenium.firefox.FirefoxDriver
Capabilities [{applicationCacheEnabled=true, rotatable=false, handlesAlerts=true, databaseEnabled=true, version=45.0.2, platform=WINDOWS, nativeEvents=false, acceptSslCerts=true, webStorageEnabled=true, locationContextEnabled=true, browserName=firefox, takesScreenshot=true, javascriptEnabled=true, cssSelectorsEnabled=true}]
Session ID: cc2442fe-bab6-41ff-af01-d09ed4b2af32
*** Element info: {Using=xpath, value=.//*[@id='js-navigation-menu2']/li[3]/a}<br>
<br>
<code>org.openqa.selenium.NoSuchElementException: Unable to locate element: {"method":"xpath","selector":".//*[@id='js-navigation-menu2']/li[3]/a"}<br>Coommand duration or timeout: 20 milliseconds<br>For documentation on this error, please visit: http://seleniumhhq.org/exceptions/no_such_element.html<br>Build info: version: '2.53.0', revision: '35ae25b', time: '2016-03-15 16:57:40'<br>System info: host: 'Test-PC', ip: '10.1.10.141', os.name: 'Windows 7', os.arch: 'amd64', os.version: '6.1', java.version: '1.8.0_91'<br>Driver info: org.openqa.selenium.firefox.FirefoxDriver<br>Capabilities [{applicationCacheEnabled=true, rotatable=false, handlesAlerts=true, databaseEnabled=true, version=45.0.2, platform=WINDOWS, nativeEvents=false, acceptSslCerts=true, webStorageEnabled=true, locationContextEnabled=true, browserName=firefox, takesScreenshot=true, javascriptEnabled=true, cssSelectorsEnabled=true}]<br>Session ID: cc2442fe-bab6-41ff-af01-d09ed4b2af32<br>*** Element info: {Using=xpath, value=.//*[@id='js-navigation-menu2']/li[3]/a}<br>	at java.lang.reflect.Constructor.newInstance(Unknown Source)<br>	at org.openqa.selenium.remote..ErrorHandler.createThrowable(ErrorHandler.java:206)<br>	at org.openqa.selenium.remote.ErrorHandler.throwIfResponseFailed(ErrorHandler.java:158)<br>	at org.openqa.selenium.remote.RemoteWebDriver.execute(RemoteWebDriver.java:678)<br>	at org.openqa.selenium.remote.RemoteWebDriver.findElement(RemoteWebDriver.java:363)<br>	at org.openqa.selenium.remote.RemoteWebDriver.findElementByXPath(RemoteWebDriver.java:500)<br>	at org.openqa.selenium.By$ByXPath.findEElement(By.java:361)<br>	at org.openqa.selenium.remote.RemoteWebDriver.findElement(RemoteWebDriver.java:355)<br>	at all_staging_test_runs.Login_Regression_Test.Logiin_Regression_Test_mymaintest(Login_Regression_Test.java:82)<br>Caused by: org.openqa.selenium.NoSuchElementException: Unable to locate element: {"method":"xpath","selector":".//*[@id='js-navvigation-menu2']/li[3]/a"}<br>For documentation on this error, please visit: http://seleniumhq.org/exceptions/no_such_element.htmml<br>Build info: version: '2.53.0', revision: '35ae25b', time: '2016-03-15 16:57:40'<br>System info: host: 'Test-PC', ip: '10.1.10.1441', os.name: 'Windows 7', os.arch: 'amd64', os.version: '6.1', java.version: '1.8.0_91'<br>Driver infoo: driver.version: unknown<br>	at &lt;anonymous class&gt;.FirefoxDriver.prototype.findElementInternal_(file:///C:/Users/DERECN~1/AppData/Local/Temp/anonymous2120169655630956454webdriver-profile/extensions/fxdriver@googlecode.com/components/driver-component.js:100770)<br>	at &lt;anonymous class&gt;.FirefoxDriver.prototype.findElement(file:///C:/Users/DERECN~1/AppData/Local/Temp/anonymous2120169655630956454webdriver-profile/extensions/fxdriver@googlecode.com/components/driver-component.js:10779)<br>	at &lt;anonymous class&gt;.DelayedCommand.prototype.executeInternal_/h(file:///C:/Users/DERECN~1/AppData/Local/Temp/anonymous2120169655630956454webdriver-profile/extensions/fxdriver@googlecode.com/components/command-processor.js:12661))<br>	at &lt;anonymous class&gt;.DelayedCommand.prototype.executeInternal_(file:///C:/Users/DERECN~1/AppData/Local/Temp/aanonymous2120169655630956454webdriver-profile/extensions/fxdriver@googlecode.com/components/command-processor.js:12666)<br>	at &lt;anonymous class&gt;.DelayedCommand.prototype.execute/&lt;(file:///C:/Users/DERECN~1/AppData/Local/Temp/anonymouss2120169655630956454webdriver-profile/extensions/fxdriver@googlecode.com/components/command-processor.js:12608)<br>
</code></td><td>27.694</td>
</tr>
<tr valign="top" class="TableRowColor">
<td><a href="all_staging_test_runs/14_Regression_Test_Iteration11_A_B_C_and12_Staging.html">Regression_Test_Iteration11_A_B_C_and12_Staging</a></td><td><a name="Regression_Test_Iteration11_A_B_C_mymaintest"></a><a href="all_staging_test_runs/14_Regression_Test_Iteration11_A_B_C_and12_Staging.html#Regression_Test_Iteration11_A_B_C_mymaintest">Regression_Test_Iteration11_A_B_C_mymaintest</a></td><td>Success</td><td></td><td>370.186</td>
</tr>
<tr valign="top" class="Error">
<td><a href="all_staging_test_runs/15_US402_EDWOSB_Self_Certifies_Questionnaire_Staging.html">US402_EDWOSB_Self_Certifies_Questionnaire_Staging</a></td><td><a name="EDWOSB_Self_Certifies_Questionnaire_Maintest"></a><a href="all_staging_test_runs/15_US402_EDWOSB_Self_Certifies_Questionnaire_Staging.html#EDWOSB_Self_Certifies_Questionnaire_Maintest">EDWOSB_Self_Certifies_Questionnaire_Maintest</a></td><td>Error</td><td>Element is not clickable at point (1200.1500244140625, 38). Other element would receive the click: &lt;div class="modal-fade-screen"&gt;&lt;/div&gt;
Command duration or timeout: 67 milliseconds
Build info: version: '2.53.0', revision: '35ae25b', time: '2016-03-15 16:57:40'
System info: host: 'Test-PC', ip: '10.1.10.141', os.name: 'Windows 7', os.arch: 'amd64', os.version: '6.1', java.version: '1.8.0_91'
Driver info: org.openqa.selenium.firefox.FirefoxDriver
Capabilities [{applicationCacheEnabled=true, rotatable=false, handlesAlerts=true, databaseEnabled=true, version=45.0.2, platform=WINDOWS, nativeEvents=false, acceptSslCerts=true, webStorageEnabled=true, locationContextEnabled=true, browserName=firefox, takesScreenshot=true, javascriptEnabled=true, cssSelectorsEnabled=true}]
Session ID: eb883ecc-fed9-4116-86e6-a7f03f335df5<br>
<br>
<code>org.openqa.selenium.WebDriverException: Element is not clickable at point (1200.1500244140625, 38). Other elemeent would receive the click: &lt;div class="modal-fade-screen"&gt;&lt;/div&gt;<br>Command duration or timeout: 67 millisecconds<br>Build info: version: '2.53.0', revision: '35ae25b', time: '2016-03-15 16:57:40'<br>System info: host: 'Test-PC', ip: '10.1.10.141', os.name: 'Windows 7', os.arch: 'amd64', os.version: '6.1', java.version: '1.8.0_91'<br>Driver info: org.openqa.selenium.firefox.FirefoxDriver<br>Capabilities [{applicationCacheEnabled=true, rotatable=false, handlesAlerts=true, databaseEnabled=true, version=45.0.2, platform=WINDOWS, nativeEvents=false, acceptSslCerts=true, webStorageEnabled=true, locationContextEnabled=true, browserName=firefox, takesScreenshot=true, javascriptEnabled=true, cssSelectorsEnabled=true}]<br>Session ID: eb883ecc-fed9-4116-86e6-a7f03f335df5<br>	at java.lang.reflect.Constructor.newInstance(Unknown Source)<br>	at org.openqa.selenium.remote.ErrorHandler.createThrowable(ErrorHandler.java:206)<br>	at org.openqa.selenium.remote.ErrorHandler.throwIfResponseFailed(ErrorHandler.java:158)<br>	at org.openqa.selenium.remote.RemoteWebDriver.execute(RemoteWebDriver.java:678)<br>	at org.openqa.selenium.remote.RemoteWebElement.execute(RemoteWebElement.java:327)<br>	at org.openqa.selenium.remote.RemoteWebElement.click(RemoteWebElement.java:85)<br>	at all_staging_test_runs.US402_EDWOSB_Self_Certifies_Questionnaire_Staging.EDWOSB_Self_Certifies_Questionnaire_Maintest(US402_EDWOSB_Self_Certifies_Questionnaire_Staging.java:82)<br>
</code></td><td>21.721</td>
</tr>
<tr valign="top" class="Error">
<td><a href="all_staging_test_runs/16_US788_Collapse_Navigation_Pane_Corp_EDWOSB.html">US788_Collapse_Navigation_Pane_Corp_EDWOSB</a></td><td><a name="testSmokeLogin"></a><a href="all_staging_test_runs/16_US788_Collapse_Navigation_Pane_Corp_EDWOSB.html#testSmokeLogin">testSmokeLogin</a></td><td>Error</td><td>Element is not clickable at point (1200.1500244140625, 38). Other element would receive the click: &lt;div class="modal-fade-screen"&gt;&lt;/div&gt;
Command duration or timeout: 78 milliseconds
Build info: version: '2.53.0', revision: '35ae25b', time: '2016-03-15 16:57:40'
System info: host: 'Test-PC', ip: '10.1.10.141', os.name: 'Windows 7', os.arch: 'amd64', os.version: '6.1', java.version: '1.8.0_91'
Driver info: org.openqa.selenium.firefox.FirefoxDriver
Capabilities [{applicationCacheEnabled=true, rotatable=false, handlesAlerts=true, databaseEnabled=true, version=45.0.2, platform=WINDOWS, nativeEvents=false, acceptSslCerts=true, webStorageEnabled=true, locationContextEnabled=true, browserName=firefox, takesScreenshot=true, javascriptEnabled=true, cssSelectorsEnabled=true}]
Session ID: d8df3bc9-eed8-4703-96e0-a723f5b59d69<br>
<br>
<code>org.openqa.selenium.WebDriverException: Element is not clickable at point (1200.1500244140625, 38). Other element would receive the click: &lt;div class="modal-fade-screen"&gt;&lt;/div&gt;<br>Command duration or timeout: 78 milliseconds<br>Build info: version: '2.53.0', revision: '35ae25b', time: '2016-03-15 16:57:40'<br>System info: host: 'Test-PC', ip: '10.1.10.141', os.name: 'Windows 7', os.arch: 'amd64', os.version: '6.1'', java.version: '1.8.0_91'<br>Driver info: org.openqa.selenium.firefox.FirefoxDriver<br>Capabilities [{applicationCacheEnabled=true, rotatable=false, handlesAlerts=true, databaseEnabled=true, version=45.0.2, platform=WINDOWS, nativeEvents=false, acceptSslCerts=true, webStorageEnabled=true, locationContextEnabled=true, browserName=firefoox, takesScreenshot=true, javascriptEnabled=true, cssSelectorsEnabled=true}]<br>Session ID: d8df3bc9-eed8-4703-96e0-a723f5b59d69<br>	at java.lang.reflect.Constructor.newInstance(Unnknown Source)<br>	at org.openqa.selenium.remote.ErrorHandler.createThrowable(ErrorHandleer.java:206)<br>	at org.openqa.selenium.remote.ErrorHandler.throwIfResponseFailed(ErrorHandler.java:1158)<br>	at org.openqa.selenium.remote.RemoteWebDriver.exxecute(RemoteWebDriver.java:678)<br>	at org.openqa.selenium.remote.RemoteWebElement.execute(RemoteWebElement.java:327)<br>	at org.openqa.selenium.remote.RemoteWebElement.click(RemoteWebElemment.java:85)<br>	at all_staging_test_runs.US788_Collapse_Navigation_Pane_Corp_EDWOSB.testSmokeLogin(US788_Collapse_Navigation_Pane_Corp_EDWOSB.java:179)<br>
</code></td><td>16.200</td>
</tr>
<tr valign="top" class="Error">
<td><a href="all_staging_test_runs/17_US788_Collapse_Navigation_Pane_LLC_WOSB.html">US788_Collapse_Navigation_Pane_LLC_WOSB</a></td><td><a name="testSmokeLogin"></a><a href="all_staging_test_runs/17_US788_Collapse_Navigation_Pane_LLC_WOSB.html#testSmokeLogin">testSmokeLogin</a></td><td>Error</td><td>Element is not clickable at point (1200.1500244140625, 38). Other element would receive the click: &lt;div class="modal-fade-screen"&gt;&lt;/div&gt;
Command duration or timeout: 71 milliseconds
Build info: version: '2.53.0', revision: '35ae25b', time: '2016-03-15 16:57:40'
System info: host: 'Test-PC', ip: '10.1.10.141', os.name: 'Windows 7', os.arch: 'amd64', os.version: '6.1', java.version: '1.8.0_91'
Driver info: org.openqa.selenium.firefox.FirefoxDriver
Capabilities [{applicationCacheEnabled=true, rotatable=false, handlesAlerts=true, databaseEnabled=true, version=45.0.2, platform=WINDOWS, nativeEvents=false, acceptSslCerts=true, webStorageEnabled=true, locationContextEnabled=true, browserName=firefox, takesScreenshot=true, javascriptEnabled=true, cssSelectorsEnabled=true}]
Session ID: 80643dfd-1b41-46c7-9b99-b2853c061d87<br>
<br>
<code>org.openqa.selenium.WebDriverException: Element is not clickable at point (1200.1500244140625, 38). Other element would receive the click: &lt;div class="modal-fade-screen"&gt;&lt;/div&gt;<br>Command duration or timeout: 71 milliseconds<br>Build info: version: '2.53.0', revision: '35ae25b', time: '2016-03-15 16:57:40'<br>System info: host: 'Test-PC', ip: '10.1.10.141', os.name: 'Windows 7', os.arch: 'amd64', os.version: '6.1'', java.version: '1.8.0_91'<br>Driver info: org.openqa.selenium.firefox.FirefoxDriver<br>Capabilities [{applicationCacheEnabled=true, rotatable=false, handlesAlerts=true, databaseEnabled=true, version=45.0.2, platform=WINDOWS, nativeEvents=false, acceptSslCerts=true, webStorageEnabled=true, locationContextEnabled=true, browserName=firrefox, takesScreenshot=true, javascriptEnabled=true, cssSelectorsEnabled=true}]<br>Session ID: 80643dfd-1b41-46c7-9b99-b2853c061d87<br>	at java.lang.reflect.Constructor.newInstance(Unnknown Source)<br>	at org.openqa.selenium.remote.ErrorHandler.createThrowable(ErrorHandleer.java:206)<br>	at org.openqa.selenium.remote.ErrorHandler.throwIfResponseFailed(ErrorHandler.java:1158)<br>	at org.openqa.selenium.remote.RemoteWebDriverr.execute(RemoteWebDriver.java:678)<br>	at org.openqa.selenium.remote.RemoteWebElement.execute(RemoteWebElement.java:327)<br>	at org.openqa.selenium.remote.RemoteWebElement.click(RemoteWebEElement.java:85)<br>	at all_staging_test_runs.US788_Collapse_Navigation_Pane_LLC_WOSB.testSmokeLogin(US788_Collapse_Navigation_Pane_LLC_WOSB.java:105)<br>
</code></td><td>12.315</td>
</tr>
</table>
</body>
</html>
