<html xmlns:string="xalan://java.lang.String" xmlns:lxslt="http://xml.apache.org/xslt">
<head>
<META http-equiv="Content-Type" content="text/html; charset=UTF-8">
<title>Unit Test Results: All Tests</title>
<link rel="stylesheet" type="text/css" title="Style" href="stylesheet.css">
</head>
<body onload="open('allclasses-frame.html','classListFrame')">
<h1>Unit Test Results.</h1>
<table width="100%">
<tr>
<td align="left"></td><td align="right">Designed for use with <a href="http://www.junit.org/">JUnit</a> and <a href="http://ant.apache.org/">Ant</a>.</td>
</tr>
</table>
<hr size="1">
<h2>All Tests</h2>
<table class="details" border="0" cellpadding="5" cellspacing="2" width="95%">
<tr valign="top">
<th>Class</th><th>Name</th><th>Status</th><th width="80%">Type</th><th nowrap>Time(s)</th>
</tr>
<tr valign="top" class="TableRowColor">
<td><a href="all_production_test/0_Am_I_Eligible_TC1_Scenario8_WOSB_Production_Success.html">Am_I_Eligible_TC1_Scenario8_WOSB_Production_Success</a></td><td><a name="AM_I_Eligible_maintest"></a><a href="all_production_test/0_Am_I_Eligible_TC1_Scenario8_WOSB_Production_Success.html#AM_I_Eligible_maintest">AM_I_Eligible_maintest</a></td><td>Success</td><td></td><td>29.153</td>
</tr>
<tr valign="top" class="TableRowColor">
<td><a href="all_production_test/1_Am_I_Eligibles_Scenario_1_EDWOB_Success_Production.html">Am_I_Eligibles_Scenario_1_EDWOB_Success_Production</a></td><td><a name="AM_I_Eligible_maintest"></a><a href="all_production_test/1_Am_I_Eligibles_Scenario_1_EDWOB_Success_Production.html#AM_I_Eligible_maintest">AM_I_Eligible_maintest</a></td><td>Success</td><td></td><td>52.440</td>
</tr>
<tr valign="top" class="TableRowColor">
<td><a href="all_production_test/2_Iteration11_A_B_C_and12_Production.html">Iteration11_A_B_C_and12_Production</a></td><td><a name="Iteration11_A_B_C_Production_Test1_mymaintest"></a><a href="all_production_test/2_Iteration11_A_B_C_and12_Production.html#Iteration11_A_B_C_Production_Test1_mymaintest">Iteration11_A_B_C_Production_Test1_mymaintest</a></td><td>Success</td><td></td><td>400.261</td>
</tr>
<tr valign="top" class="TableRowColor">
<td><a href="all_production_test/3_US649_EDWOSB_Other_Real_State_Production.html">US649_EDWOSB_Other_Real_State_Production</a></td><td><a name="EDWOSB_Real_State_Other_MainTest"></a><a href="all_production_test/3_US649_EDWOSB_Other_Real_State_Production.html#EDWOSB_Real_State_Other_MainTest">EDWOSB_Real_State_Other_MainTest</a></td><td>Success</td><td></td><td>194.762</td>
</tr>
<tr valign="top" class="TableRowColor">
<td><a href="all_production_test/4_US788_Collapse_Navigation_Pane_Corp_EDWOSB.html">US788_Collapse_Navigation_Pane_Corp_EDWOSB</a></td><td><a name="testSmokeLogin"></a><a href="all_production_test/4_US788_Collapse_Navigation_Pane_Corp_EDWOSB.html#testSmokeLogin">testSmokeLogin</a></td><td>Success</td><td></td><td>199.527</td>
</tr>
<tr valign="top" class="Error">
<td><a href="all_production_test/5_US788_Collapse_Navigation_Pane_LLC_WOSB.html">US788_Collapse_Navigation_Pane_LLC_WOSB</a></td><td><a name="testSmokeLogin"></a><a href="all_production_test/5_US788_Collapse_Navigation_Pane_LLC_WOSB.html#testSmokeLogin">testSmokeLogin</a></td><td>Error</td><td>Unable to locate element: {"method":"xpath","selector":".//*[@id='js-navigation-menu']/li[2]/a"}
Command duration or timeout: 641 milliseconds
For documentation on this error, please visit: http://seleniumhq.org/exceptions/no_such_element.html
Build info: version: '2.53.0', revision: '35ae25b', time: '2016-03-15 16:57:40'
System info: host: 'Test-PC', ip: '192.168.56.1', os.name: 'Windows 7', os.arch: 'amd64', os.version: '6.1', java.version: '1.8.0_77'
Driver info: org.openqa.selenium.firefox.FirefoxDriver
Capabilities [{applicationCacheEnabled=true, rotatable=false, handlesAlerts=true, databaseEnabled=true, version=45.0.2, platform=WINDOWS, nativeEvents=false, acceptSslCerts=true, webStorageEnabled=true, locationContextEnabled=true, browserName=firefox, takesScreenshot=true, javascriptEnabled=true, cssSelectorsEnabled=true}]
Session ID: 3d3a10b4-41ed-4a29-962a-1e40ca20b811
*** Element info: {Using=xpath, value=.//*[@id='js-navigation-menu']/li[2]/a}<br>
<br>
<code>org.openqa.selenium.NoSuchElementException: Unable to locate element: {"method":"xpath","seleector":".//*[@id='js-navigation-menu']/li[2]/a"}<br>Command duration or timeout: 641 milliseconds<br>For documentation on this error, please visit: http://seleniumhq.org/exceptions/no_such_element.html<br>Build info: version: '2.53.0', revision: '35ae25b', time: '2016-03-15 16:57:40'<br>System info: host: 'Test-PC', ip: '192.168.56.1', os.name: 'Windows 7', os.arch: 'amd64', os.version: '6.1', java.version: '1.8.0_77'<br>Driver info: org.openqa.selenium.firefox.FirefoxDriver<br>Capabilities [{applicationCacheEnabled=true, rotatable=false, handlesAlerts=true, databaseEnabled=true, version=45.0.2, platform=WINDOWS, nativeEvents=false, acceptSslCerts=true, webStorageEnabled=true, locationContextEnabled=true, browserName=firefox, takesScreenshot=true, javascriptEnabled=true, cssSelectorsEnabled=true}]<br>Session ID: 3d3a10b4-41ed-4a29-962a-1e40ca20b811<br>*** Element info: {Using=xpath, value=.//*[@id='js-navigation-menu']/li[22]/a}<br>	at java.lang.reflect.Constructor.neewInstance(Constructor.java:423)<br>	at org.openqa.selenium.remote.ErrorHandler.createThrowable(ErrorHandler.java:206)<br>	at org.openqa.selenium.remote.ErrorHandler.throwIfResponseFailed(ErrorHandler.java:158)<br>	at org.openqa.selenium.remote.RemoteWebDriver.execute(RemoteWebDriver.java:678)<br>	at org.openqa.selenium.remote.RemoteWebDriver.findElement(RemoteWebDriver.java:363)<br>	at org.openqa.selenium.remote.RemoteWebDriver.findElementByXPath(RemoteWebDDriver.java:500)<br>	at org.openqa.selenium.Byy$ByXPath.findElement(By.java:361)<br>	at org.openqa.selenium.remote.RemoteWebDriver.findElement(RemoteWebDriver.java:355)<br>	at all_production_test.US788_Collapse_Navigation_Pane_LLC_WOSB.testSmokeLogin(US788_Collapse_Navigation_Pane_LLC_WOSB.java:105)<br>Caused by: org.openqa.selenium.NoSuchElementException: Unable to locate element: {"method":"xpath","selector":".//*[@id='js-navigation-menu']/li[2]/a"}<br>For documentation on this error, please visit: http://seleniumhq.org/exceptions/no_such_element.htmll<br>Build info: version: '2.53.0', revision: '35ae25b', time: '2016-03-15 16:57:40'<br>System info: host: 'Test-PC', ip: '192.168.56.1', os.name: 'Windows 7', os.arch: 'amd64', os.version: '6.1', java.version: '1.8.0_77'<br>Driver infoo: driver.version: unknown<br>	at &lt;anonymous class&gt;.FirefoxDriver.prototype.findElementInternal_(file:///C:/Users/DERECN~1/AppData/Local/Temp/anonymous5397155903886904918webdriver-profile/extensions/fxdriver@googlecode.com/components/driver-component.js:100770)<br>	at &lt;anonymous class&gt;.FirefoxDriver.prototype.findElement(file:///C:/Users/DERECN~1/AppData/Local/Temp/anonymous5397155903886904918webdriver-profile/extensions/fxdriver@googlecode.com/components/driver-component.js:10779)<br>	at &lt;anonymous class&gt;.DelayedCommand.prototype.executeInternal_/h(file:///C:/Users/DERECN~1/AppData/Local/Temp/anonymous5397155903886904918webdriver-profile/extensions/fxdriver@googlecode.com/components/command-processor.js:12661))<br>	at &lt;anonymous class&gt;.DelayedCommand.prototype.executeInternal_(file:///C:/Users/DERECN~1/AppData/Local/Temp/aanonymous5397155903886904918webdriver-profile/extensions/fxdriver@googlecode.com/components/command-processor.js:12666)<br>	at &lt;anonymous class&gt;.DelayedCommand.prototype.execute/&lt;(file:///C:/Users/DERECN~1/AppData/Local/Temp/anonymouss5397155903886904918webdriver-profile/extensions/fxdriver@googlecode.com/components/command-processor.js:12608)<br>
</code></td><td>23.994</td>
</tr>
<tr valign="top" class="Error">
<td><a href="all_production_test/6_US855_Improve_Text_Work_In_Progress_From_All_pages.html">US855_Improve_Text_Work_In_Progress_From_All_pages</a></td><td><a name="US855_Improve_Text_Work_In_Progress_From_All_pages_MainTest"></a><a href="all_production_test/6_US855_Improve_Text_Work_In_Progress_From_All_pages.html#US855_Improve_Text_Work_In_Progress_From_All_pages_MainTest">US855_Improve_Text_Work_In_Progress_From_All_pages_MainTest</a></td><td>Error</td><td>Element is not clickable at point (1106.5833740234375, 38). Other element would receive the click: &lt;div class="modal-fade-screen"&gt;&lt;/div&gt;
Command duration or timeout: 76 milliseconds
Build info: version: '2.53.0', revision: '35ae25b', time: '2016-03-15 16:57:40'
System info: host: 'Test-PC', ip: '192.168.56.1', os.name: 'Windows 7', os.arch: 'amd64', os.version: '6.1', java.version: '1.8.0_77'
Driver info: org.openqa.selenium.firefox.FirefoxDriver
Capabilities [{applicationCacheEnabled=true, rotatable=false, handlesAlerts=true, databaseEnabled=true, version=45.0.2, platform=WINDOWS, nativeEvents=false, acceptSslCerts=true, webStorageEnabled=true, locationContextEnabled=true, browserName=firefox, takesScreenshot=true, javascriptEnabled=true, cssSelectorsEnabled=true}]
Session ID: 9ee72a8d-445c-492a-97f9-2cb3cc53935e<br>
<br>
<code>org.openqa.selenium.WebDriverException: Element is not clickable at point (1106.5833740234375, 38). Other element would receive the click: &lt;div class="modal-fade-screen"&gt;&lt;/div&gt;<br>Command duration or timeout: 76 milliseconds<br>Build info: version: '2.53.0', revision: '35ae25b', time: '2016-03-15 16:57:40'<br>System info: host: 'Test-PC', ip: '192.168.56.1', os.name: 'Windows 7', os.arch: 'amd64', os.version: '6.1', java.version: '1.8.0_77'<br>Driver info: org.openqa.selenium.firefox.FirefoxDriver<br>Capabilities [{applicationCacheEnabled=true, rotatable=false, handlesAlerts=true, databaseEnabled=true, version=45.0.2, platform=WINDOWS, nativeEvents=false, acceptSslCerts=true, webStorageEnabled=true, locationContextEnabled=true, browserName=firefox, takesScreenshot=true, javascrriptEnabled=true, cssSelectorsEnabled=true}]<br>Session ID: 9ee72a8d-445c-492a-97f9-2cb3cc53935e<br>	at java.lang.reflect.Constructor.newInstance(Constructor.java:423)<br>	at org.openqa.selenium.remote.ErrorHandler.createThrowable(ErrorHandler.java:206)<br>	at org.openqa.selenium.remote.ErrorHandler.throwIfResponseFailed(ErrorHandler.java:158)<br>	at org.openqa.selenium.remote.RemoteWebDriver.execute(RemoteWebDriver.java:678)<br>	at org.openqa.selenium.remote.RemoteWebElement.execute(RemoteWebElement.java:327)<br>	at org.openqa.selenium.remote.RemoteWebElement.click(RemoteWebElement.java:85)<br>	at all_production_test.US855_Improve_Text_Work_In_Progress_From_All_pages.US855_Improve_Text_Work_In_Progress_From_All_pages_MainTest(US855_Improve_Text_Work_In_Progress_From_All_pages.java:152)<br>
</code></td><td>50.194</td>
</tr>
<tr valign="top" class="Error">
<td><a href="all_production_test/7_US861_SBA_Analyst_View_More_Info_About_Vendor.html">US861_SBA_Analyst_View_More_Info_About_Vendor</a></td><td><a name="US861_SBA_Analyst_View_More_Info_About_Vendor_MainTest"></a><a href="all_production_test/7_US861_SBA_Analyst_View_More_Info_About_Vendor.html#US861_SBA_Analyst_View_More_Info_About_Vendor_MainTest">US861_SBA_Analyst_View_More_Info_About_Vendor_MainTest</a></td><td>Error</td><td>Unable to locate element: {"method":"xpath","selector":".//*[@id='query']"}
Command duration or timeout: 24 milliseconds
For documentation on this error, please visit: http://seleniumhq.org/exceptions/no_such_element.html
Build info: version: '2.53.0', revision: '35ae25b', time: '2016-03-15 16:57:40'
System info: host: 'Test-PC', ip: '192.168.56.1', os.name: 'Windows 7', os.arch: 'amd64', os.version: '6.1', java.version: '1.8.0_77'
Driver info: org.openqa.selenium.firefox.FirefoxDriver
Capabilities [{applicationCacheEnabled=true, rotatable=false, handlesAlerts=true, databaseEnabled=true, version=45.0.2, platform=WINDOWS, nativeEvents=false, acceptSslCerts=true, webStorageEnabled=true, locationContextEnabled=true, browserName=firefox, takesScreenshot=true, javascriptEnabled=true, cssSelectorsEnabled=true}]
Session ID: 8a441681-5178-4016-a6e9-87f837a4586f
*** Element info: {Using=xpath, value=.//*[@id='query']}<br>
<br>
<code>org.openqa.selenium.NoSuchElementException: Unable to locate element: {"method":"xxpath","selector":".//*[@id='query']"}<br>Command duration or timeout: 24 milliseconds<br>For documentation on this error, please visit: http://seleniumhq.org/exceptions/no_such_element.html<br>Build info: version: '2.53.0', revision: '35ae25b', time: '2016-03-15 16:57:40'<br>System info: host: 'Test-PC', ip: '192.168.56.1', os.name: 'Windows 7', os.arch: 'amd64', os.version: '6.1', java.version: '1.8.0_77'<br>Driver info: org.openqa.selenium.firefox.FirefoxDriver<br>Capabilities [{applicationCacheEnabled=true, rotatable=false, handlesAlerts=true, databaseEnabled=true, version=45.0.2, platform=WINDOWS, nativeEvents=false, acceptSslCerts=true, webStorageEnabled=true, locationContextEnabled=true, browserName=firefox, takesScreenshot=true, javascriptEnabled=true, cssSelectorsEnabled=true}]<br>Session ID: 8a441681-5178-4016-a6e9-87f837a4586f<br>*** Element info: {Using=xpath, value=.//*[@id='query']}<br>	at java.lang.reflect.Constructor.newInstance(Constructor.java:423)<br>	at org.openqa.selenium.remote.ErrorHandler.createThrowable(ErrorHandler.java:206)<br>	at org.openqa.seleniumm.remote.ErrorHandler.throwIfResponseFailed(ErrorHandler.java:158)<br>	at org.openqa.selenium.remote.RemoteWebDriver.execute(RemoteWebDriver.java:678)<br>	at org.openqa.selenium.remote.RemoteWebDriver.findElement(RemoteWebDriver.java:363)<br>	at org.openqa.selenium.remote.RemoteWebDriver.findElementByXPath(RemoteWebDriver.java:500)<br>	at org.openqa.selenium.By$ByXPath.findElement(By.java:361)<br>	at org.openqa.selenium.remote.RemoteWebDriver.findElemeent(RemoteWebDriver.java:355)<br>	at all_production_test.US861_SBA_Analyst_View_More_Info_About_Vendor.US861_SBA_Analyst_View_More_Info_About_Vendor_MainTest(US861_SBA_Analyst_View_More_Info_About_Vendor.java:62)<br>Caused by: org.openqa.selenium.NoSuchElementException: Unable to locate element: {"method":"xpath","selector":".//*[[@id='query']"}<br>For documentation on thiss error, please visit: http://seleniumhq.org/exceptions/no_such_element.html<br>Build inffo: version: '2.53.0', revision: '35ae25b', time: '2016-03-15 16:57:40'<br>System info: host: 'Test-PC', ip: '192.168.56.1', os.name: 'Windows 7', os.arch: 'amdd64', os.version: '6.1', java.version: '1.8.0_77'<br>Driver info: driver.version: unknown<br>	at &lt;anonymous class&gt;.FirefoxDriver.prototype.findElementInternal_(file:///C:/Users/DERECN~1/AppData/Local/Temp/anonymous562843363524566597webdriver-profile/extensions/fxdriver@googlecode.com/components/driver-component.js:100770)<br>	at &lt;anonymous class&gt;.FirefoxDriver.prototype.findElement(file:///C:/Users/DERECN~1/AppData/Local/Temp/anonymous562843363524566597webdriver-profile/extensions/fxdriver@googlecode.com/components/driver-component.js:10779)<br>	at &lt;anonymous class&gt;.DelayedCommand.prototype.executeInternal_/h(file:///C:/Users/DERECN~1/AppData/Local/Temp/anonymous562843363524566597webdriver-profile/extensions/fxdriver@googlecode.com/components/command-processor.js:12661)<br>	at &lt;anonymous class&gt;.DelayedCommand.prototype.executeInternal_(file:///C:/Users/DERECN~1/AppData/Local/Temp/anonymous562843363524566597webdriver-profile/extensions/fxdriver@googlecode.com/components/command-processor.js:12666)<br>	at &lt;anonymous class&gt;.DelayedCommand.prototype.execute/&lt;(file:///C:/Users/DERECN~1/AppData/Local/Temp/anonymous562843363524566597webdriver-profile/extensions/fxdriver@googlecode.com/components/command-processor.js:12608)<br>
</code></td><td>14.451</td>
</tr>
<tr valign="top" class="Error">
<td><a href="all_production_test/8_US862_SBA_Analyst_Cloning_Sends_Certification_Back_to_Vendor.html">US862_SBA_Analyst_Cloning_Sends_Certification_Back_to_Vendor</a></td><td><a name="US862_SBA_Analyst_Cloning_Sends_Certification_Back_to_Vendor_Maintest"></a><a href="all_production_test/8_US862_SBA_Analyst_Cloning_Sends_Certification_Back_to_Vendor.html#US862_SBA_Analyst_Cloning_Sends_Certification_Back_to_Vendor_Maintest">US862_SBA_Analyst_Cloning_Sends_Certification_Back_to_Vendor_Maintest</a></td><td>Error</td><td>Unable to locate element: {"method":"xpath","selector":".//*[@id='query']"}
Command duration or timeout: 19 milliseconds
For documentation on this error, please visit: http://seleniumhq.org/exceptions/no_such_element.html
Build info: version: '2.53.0', revision: '35ae25b', time: '2016-03-15 16:57:40'
System info: host: 'Test-PC', ip: '192.168.56.1', os.name: 'Windows 7', os.arch: 'amd64', os.version: '6.1', java.version: '1.8.0_77'
Driver info: org.openqa.selenium.firefox.FirefoxDriver
Capabilities [{applicationCacheEnabled=true, rotatable=false, handlesAlerts=true, databaseEnabled=true, version=45.0.2, platform=WINDOWS, nativeEvents=false, acceptSslCerts=true, webStorageEnabled=true, locationContextEnabled=true, browserName=firefox, takesScreenshot=true, javascriptEnabled=true, cssSelectorsEnabled=true}]
Session ID: f491e804-1329-4bd0-969d-3adcb3e17485
*** Element info: {Using=xpath, value=.//*[@id='query']}<br>
<br>
<code>org.openqa.selenium.NoSuchElementException: Unable to locate element: {"method":"xpath","selector":".//*[@id='query']"}<br>Command durattion or timeout: 19 milliseconds<br>For docuumentation on this error, please visit: http://seleniumhq.org/exceptions/no_such_element.html<br>BBuild info: version: '2.53.0', revision: '35ae25b', time: '2016-03-15 16:57:40'<br>System info: host: 'Test-PC', ip: '192.168.56.1', os.name: 'Windows 7', os.arch: 'amd64', os.vversion: '6.1', java.version: '1.8.0_77'<br>Driver info: org.openqa.selenium.firefox.FirefoxDriver<br>Capabilities [{applicationCacheEnabled=true, rotatable=false, handlesAlerts=true, databaseEnabled=true, version=45.0.2, platform=WINDOWS, nativeEvents=false, acceptSslCerts=true, webStorageEnabled=true, locationConteextEnabled=true, browserName=firefox, takesScreenshot=true, javascriptEnabled=true, cssSelectorsEnabled=true}]<br>Session ID: f491e804-1329-4bd0-969d-3adcb3e17485<br>*** Eleement info: {Using=xpath, value=.//*[@id='query']}<br>	at java.lang.reflect.Constructor.newInstance(Constructor.java:423)<br>	at org.openqa.selenium.remote.ErrorHandler.createThhrowable(ErrorHandler.java:206)<br>	at org.oopenqa.selenium.remote.ErrorHandler.throwIfResponseFailed(ErrorHandler.java:158)<br>	at org.openqa.selenium.remote.RemoteWebDriver.execute(RemoteWebDriver.java:678)<br>	at org.openqa.selenium.remote.RemoteWebDriver.findElement(RemoteWebDriver.java:363)<br>	at org.openqa.selenium.remote.RemoteWebDriver.findElementByXPath(RemoteWebDriver.java:500)<br>	at org.openqa.selenium.By$ByXPath.findElement(By.java:361)<br>	at org.openqa.selenium.remote.RemoteWebDriver.findElement(RemoteWebDriver.java:355)<br>	at all_production_test.US862_SBA_Analyst_Cloning_Sends_Certification_Back_to_Vendor.US862_SBA_Analyst_Cloning_Sends_Certification_Back_to_Vendor_Maintest(US862_SBA_Analyst_Cloning_Sends_Certification_Back_to_Vendor.java:66)<br>Caused by: org.openqa.selenium.NoSuchElementException: Unable to locate element: {"method":"xpath","selector":".//*[@id='query']"}<br>For documentation on this error, please visit: http://seleniumhq.org/exceptions/no_such_element.html<br>Build info: version: '2.53.0', revision: '35ae25b', time: '2016-03-15 16:57:40'<br>System info: host: 'Test-PC', ip: '192.168.56.1', os.name: 'Windows 7', os.arch: 'amd64', os.version: '6.1', java.version: '1.8.0_77'<br>Driver info: driver.veersion: unknown<br>	at &lt;anonymous class&gt;.FirefoxDriver.prototype.findElementInternal_(file:///C:/Users/DERECN~1/AppData/Local/Temp/anonymous9151725006590240771webdriver-profile/extensions/fxdriver@googlecode.com/components/driver-component.js:10770)<br>	at &lt;anonymous class&gt;.FirefoxDriver.prototype.findElement(file:///C:/Users/DERECN~1/AppData/Loccal/Temp/anonymous9151725006590240771webdriver-profile/extensions/fxdriver@googlecode.com/components/driver-component.js:10779)<br>	at &lt;anonymous class&gt;.DelayedCommand.prototype.executeInternal_/h(file:///C:/Users/DERECN~1/AppData/Local/Temp/anonymous9151725006590240771webdriver-profile/extensions/fxdriver@googlecode.com/components/command-processor.js:12661))<br>	at &lt;anonymous class&gt;.DelayedCommand.prototype.executeInternal_(file:///C:/Users/DERECN~1/AppData/Local/Temp/aanonymous9151725006590240771webdriver-profile/extensions/fxdriver@googlecode.com/components/command-processor.js:12666)<br>	at &lt;anonymous class&gt;.DelayedCommand.prototype.execute/&lt;(file:///C:/Users/DERECN~1/AppData/Local/Temp/anonymouss9151725006590240771webdriver-profile/extensions/fxdriver@googlecode.com/components/command-processor.js:12608)<br>
</code></td><td>14.270</td>
</tr>
<tr valign="top" class="TableRowColor">
<td><a href="all_production_test/9_US870_STRETCH_WOSB_Self_Certifies_Add_Tax_Attachments.html">US870_STRETCH_WOSB_Self_Certifies_Add_Tax_Attachments</a></td><td><a name="US870_STRETCH_WOSB_Self_Certifies_Add_Tax_Attachments_Maintest"></a><a href="all_production_test/9_US870_STRETCH_WOSB_Self_Certifies_Add_Tax_Attachments.html#US870_STRETCH_WOSB_Self_Certifies_Add_Tax_Attachments_Maintest">US870_STRETCH_WOSB_Self_Certifies_Add_Tax_Attachments_Maintest</a></td><td>Success</td><td></td><td>83.448</td>
</tr>
<tr valign="top" class="TableRowColor">
<td><a href="all_production_test/10_US880_User_Support_Passphrase_visible_when_creating_account_or_resetting_my_passphrase.html">US880_User_Support_Passphrase_visible_when_creating_account_or_resetting_my_passphrase</a></td><td><a name="US880_User_Support_Passphrase_visible_when_creating_account_or_resetting_my_passphrase_Maintest"></a><a href="all_production_test/10_US880_User_Support_Passphrase_visible_when_creating_account_or_resetting_my_passphrase.html#US880_User_Support_Passphrase_visible_when_creating_account_or_resetting_my_passphrase_Maintest">US880_User_Support_Passphrase_visible_when_creating_account_or_resetting_my_passphrase_Maintest</a></td><td>Success</td><td></td><td>64.016</td>
</tr>
<tr valign="top" class="TableRowColor">
<td><a href="all_production_test/11_US888_Registration_Activate_Submit_Button_use_dialog_for_error_messages.html">US888_Registration_Activate_Submit_Button_use_dialog_for_error_messages</a></td><td><a name="IAM_Custom_Registration_Vendor_Starts_New_Registration_US652_Maintest"></a><a href="all_production_test/11_US888_Registration_Activate_Submit_Button_use_dialog_for_error_messages.html#IAM_Custom_Registration_Vendor_Starts_New_Registration_US652_Maintest">IAM_Custom_Registration_Vendor_Starts_New_Registration_US652_Maintest</a></td><td>Success</td><td></td><td>68.271</td>
</tr>
</table>
</body>
</html>
