<html xmlns:string="xalan://java.lang.String" xmlns:lxslt="http://xml.apache.org/xslt">
<head>
<META http-equiv="Content-Type" content="text/html; charset=UTF-8">
<title>Unit Test Results: All Errors</title>
<link rel="stylesheet" type="text/css" title="Style" href="stylesheet.css">
</head>
<body onload="open('allclasses-frame.html','classListFrame')">
<h1>Unit Test Results.</h1>
<table width="100%">
<tr>
<td align="left"></td><td align="right">Designed for use with <a href="http://www.junit.org/">JUnit</a> and <a href="http://ant.apache.org/">Ant</a>.</td>
</tr>
</table>
<hr size="1">
<h2>All Errors</h2>
<table class="details" border="0" cellpadding="5" cellspacing="2" width="95%">
<tr valign="top">
<th>Class</th><th>Name</th><th>Status</th><th width="80%">Type</th><th nowrap>Time(s)</th>
</tr>
<tr valign="top" class="Error">
<td><a href="all_staging_test_runs/10_Edith_Password2_Staging.html">Edith_Password2_Staging</a></td><td><a name="Edith_Password2_Regression_Test_Maintest"></a><a href="all_staging_test_runs/10_Edith_Password2_Staging.html#Edith_Password2_Regression_Test_Maintest">Edith_Password2_Regression_Test_Maintest</a></td><td>Error</td><td>Unable to locate element: {"method":"link text","selector":"My Profile"}
Command duration or timeout: 93 milliseconds
For documentation on this error, please visit: http://seleniumhq.org/exceptions/no_such_element.html
Build info: version: '2.53.0', revision: '35ae25b', time: '2016-03-15 16:57:40'
System info: host: 'Test-PC', ip: '10.1.10.141', os.name: 'Windows 7', os.arch: 'amd64', os.version: '6.1', java.version: '1.8.0_91'
Driver info: org.openqa.selenium.firefox.FirefoxDriver
Capabilities [{applicationCacheEnabled=true, rotatable=false, handlesAlerts=true, databaseEnabled=true, version=45.0.2, platform=WINDOWS, nativeEvents=false, acceptSslCerts=true, webStorageEnabled=true, locationContextEnabled=true, browserName=firefox, takesScreenshot=true, javascriptEnabled=true, cssSelectorsEnabled=true}]
Session ID: 6b31691c-362c-4ded-82ea-3015d7d4ae7c
*** Element info: {Using=link text, value=My Profile}<br>
<br>
<code>org.openqa.selenium.NoSuchElementException: Unable to locate element: {"method":"link text","selector":"My Profile"}<br>Command duration or timeout: 93 milliseconds<br>For documentation on this error, please visit: http://seleniumhq.org/exceptiions/no_such_element.html<br>Build info: version: '2.53.0', revision: '35ae25b', time: '2016-03-15 16:57:40'<br>System info: host: 'Test-PC', ip: '10.1.10.141', os.name: 'Windows 7', os.arch: 'amd64', os.version: '6.1', jaava.version: '1.8.0_91'<br>Driver info: org.openqa.selenium.firefox.FirefoxDriver<br>Capabilities [{applicationCacheEnabled=true, rotatable=false, handlesAlerts=true, databaseEnabled=true, version=45.0.2, platform=WINDOWS, nativeEvents=false, accceptSslCerts=true, webStorageEnabled=true, locationContextEnabled=true, browserName=firefox, takesScreenshot=true, javascriptEnabled=true, cssSelectorsEnabled=true}]<br>Sessioon ID: 6b31691c-362c-4ded-82ea-3015d7d4ae7c<br>*** Element info: {Using=link text, value=My Profile}<br>	at java.lang.reflect.Constructor.newInstance(Unknown Source)<br>	at org.openqa.selenium.remoote.ErrorHandler.createThrowable(ErrorHandler.java:206)<br>	at org.openqa.selenium.remoote.ErrorHandler.throwIfResponseFailed(ErrorHandler.java:158)<br>	at org.openqa.selenium.remote.RemoteWebDriver.execute(RemoteWebDriver.java:678)<br>	at org.openqa.selenium.remote.RemoteWebDDriver.findElement(RemoteWebDriver.java:363)<br>	at org.openqa.selenium.remote.RemoteWebDriver.findElementByLinkText(RemoteWebDriver.java:428)<br>	at org.openqa.selenium.By$ByLinkText.findElement(By.java:246)<br>	at org.openqa.selenium.rremote.RemoteWebDriver.findElement(RemoteWebDriver.java:355)<br>	at all_staging_test_runs.Edith_Password2_Staging.Edith_Password2_Regression_Test_Maintest(Edith_Password2_Staging.java:75)<br>Caused by: org.openqa.selenium.NoSuchElementException: Unable to locate element: {"method":"link text","selector":"My Profile"}<br>For documentation on this  error, please visit: http://seleniumhq.org/exceptions/no_such_element.html<br>Build info: version: '2.53.0', revision: '35ae25b', time: '2016-03-15 16:57:40'<br>System info: host: 'Test-PC', ip: '10.1.10.141', os.name: 'Windows 7', os.arch: 'amd664', os.version: '6.1', java.version: '1.8.0_91'<br>Driver info: driver.verssion: unknown<br>	at &lt;anonymous class&gt;.FirefoxDriver.prototype.findElementInternal_(file:///C:/Users/DERECN~1/AppData/Local/Temp/anonymous7102959501653079109webdriver-profile/extensions/fxdriver@googlecode.com/components/driver-component.js:10770)<br>	at &lt;anonymous class&gt;.FirefoxDriver.prototype.findElement(file:///C:/Users/DERECN~1/AppData/Locall/Temp/anonymous7102959501653079109webdriver-profile/extensions/fxdriver@googlecode.com/components/driver-component.js:10779)<br>	at &lt;anonymous class&gt;.DelayedCommand.prototype.executeInternal_/h(file:///C:/Users/DERECN~1/AppData/Local/Temp/anonymous7102959501653079109webdriver-profile/extensions/fxdriver@googlecode.com/components/command-processor.js:12661))<br>	at &lt;anonymous class&gt;.DelayedCommand.prototype.executeInternal_(file:///C:/Users/DERECN~1/AppData/Local/Temp/aanonymous7102959501653079109webdriver-profile/extensions/fxdriver@googlecode.com/components/command-processor.js:12666)<br>	at &lt;anonymous class&gt;.DelayedCommand.prototype.execute/&lt;(file:///C:/Users/DERECN~1/AppData/Local/Temp/anonymouss7102959501653079109webdriver-profile/extensions/fxdriver@googlecode.com/components/command-processor.js:12608)<br>
</code></td><td>21.561</td>
</tr>
<tr valign="top" class="Error">
<td><a href="all_staging_test_runs/12_Eight_A_Self_Certify_Answer_Question_and_Attached_Documents_US438_Staging.html">Eight_A_Self_Certify_Answer_Question_and_Attached_Documents_US438_Staging</a></td><td><a name="EDWOSB_Self_Certify_Answer_Question_and_Attached_Documents_Maintest"></a><a href="all_staging_test_runs/12_Eight_A_Self_Certify_Answer_Question_and_Attached_Documents_US438_Staging.html#EDWOSB_Self_Certify_Answer_Question_and_Attached_Documents_Maintest">EDWOSB_Self_Certify_Answer_Question_and_Attached_Documents_Maintest</a></td><td>Error</td><td>Element is not clickable at point (1200.1500244140625, 38). Other element would receive the click: &lt;div class="modal-fade-screen"&gt;&lt;/div&gt;
Command duration or timeout: 76 milliseconds
Build info: version: '2.53.0', revision: '35ae25b', time: '2016-03-15 16:57:40'
System info: host: 'Test-PC', ip: '10.1.10.141', os.name: 'Windows 7', os.arch: 'amd64', os.version: '6.1', java.version: '1.8.0_91'
Driver info: org.openqa.selenium.firefox.FirefoxDriver
Capabilities [{applicationCacheEnabled=true, rotatable=false, handlesAlerts=true, databaseEnabled=true, version=45.0.2, platform=WINDOWS, nativeEvents=false, acceptSslCerts=true, webStorageEnabled=true, locationContextEnabled=true, browserName=firefox, takesScreenshot=true, javascriptEnabled=true, cssSelectorsEnabled=true}]
Session ID: 2fc37c14-ecd9-4ee9-bd99-50e9d0351f6b<br>
<br>
<code>org.openqa.selenium.WebDriverException: Element is not clickable at point (1200.1500244140625, 38). Other element would receive the click: &lt;div class="modal-fade-screen"&gt;&lt;/div&gt;<br>Command duration or timeout: 76 milliseconds<br>Build info: version: '2.53.0', revision: '35ae25b', time: '2016-03-15 16:57:40'<br>System info: host: 'Test-PC', ip: '10.1.10.141', os.name: 'Windows 7', os.arch: 'amd64', os.version: '6.1'', java.version: '1.8.0_91'<br>Driver info: org.openqa.selenium.firefox.FirefoxDriver<br>Capabilities [{applicationCacheEnabled=true, rotatable=false, handlesAlerts=true, databaseEnabled=true, version=45.0.2, platform=WINDOWS, nativeEvents=false, acceptSslCerts=true, webStorageEnabled=true, locationContextEnabled=true, browserName=firefox, takesScreenshot=true, javascriptEnabled=true, cssSelecctorsEnabled=true}]<br>Session ID: 2fc37c14-ecd9-4ee9-bd99-50e9d0351f6b<br>	at java.lang.reflect.Constructor.newInstance(Unnknown Source)<br>	at org.openqa.selenium.remotee.ErrorHandler.createThrowable(ErrorHandler.java:206)<br>	at org.openqa.selenium.remote.ErrorHandler.throwIfResponseFailed(ErrorHandler.java:158)<br>	at org.openqa.selenium.remote.RemoteWebDriver.execute(RemoteWebDriver.java:678)<br>	at org.openqa.selenium.rremote.RemoteWebElement.execute(RemoteWebElement.java:327)<br>	at org.openqa.selenium.remote.RemoteWebElement.click(RemoteWebElement.java:85)<br>	at all_staging_test_runs.Eight_A_Self_Certify_Answer_Question_and_Attached_Documents_US438_Staging.EDWOSB_Self_Certify_Answer_Question_and_Attached_Documents_Maintest(Eight_A_Self_Certify_Answer_Question_and_Attached_Documents_US438_Staging.java:76)<br>
</code></td><td>21.589</td>
</tr>
<tr valign="top" class="Error">
<td><a href="all_staging_test_runs/13_Login_Regression_Test.html">Login_Regression_Test</a></td><td><a name="Login_Regression_Test_mymaintest"></a><a href="all_staging_test_runs/13_Login_Regression_Test.html#Login_Regression_Test_mymaintest">Login_Regression_Test_mymaintest</a></td><td>Error</td><td>Unable to locate element: {"method":"xpath","selector":".//*[@id='js-navigation-menu2']/li[3]/a"}
Command duration or timeout: 35 milliseconds
For documentation on this error, please visit: http://seleniumhq.org/exceptions/no_such_element.html
Build info: version: '2.53.0', revision: '35ae25b', time: '2016-03-15 16:57:40'
System info: host: 'Test-PC', ip: '10.1.10.141', os.name: 'Windows 7', os.arch: 'amd64', os.version: '6.1', java.version: '1.8.0_91'
Driver info: org.openqa.selenium.firefox.FirefoxDriver
Capabilities [{applicationCacheEnabled=true, rotatable=false, handlesAlerts=true, databaseEnabled=true, version=45.0.2, platform=WINDOWS, nativeEvents=false, acceptSslCerts=true, webStorageEnabled=true, locationContextEnabled=true, browserName=firefox, takesScreenshot=true, javascriptEnabled=true, cssSelectorsEnabled=true}]
Session ID: 96932cf3-f379-427c-a19a-b9a227c864f6
*** Element info: {Using=xpath, value=.//*[@id='js-navigation-menu2']/li[3]/a}<br>
<br>
<code>org.openqa.selenium.NoSuchElementException: Unable to locate element: {"method":"xpath","selector":".//*[@id='js-navigation-menu2']/li[3]/a"}<br>Coommand duration or timeout: 35 milliseconds<br>For documentation on this error, please visit: http://seleniumhhq.org/exceptions/no_such_element.html<br>Build info: version: '2.53.0', revision: '35ae25b', time: '2016-03-15 16:57:40'<br>System info: host: 'Test-PC', ip: '10.1.10.141', os.name: 'Windows 7', os.arch: 'amd64', os.version: '6.1', java.version: '1.8.0_91'<br>Driver info: org.openqa.selenium.firefox.FirefoxDriver<br>Capabilities [{applicationCacheEnabled=true, rotatable=false, handlesAlerts=true, databaseEnabled=true, version=45.0.2, platform=WINDOWS, nativeEvents=false, acceptSslCerts=true, webStorageEnabled=true, locationContextEnabled=true, browserName=firefox, takesScreenshot=true, javascriptEnabled=true, cssSelectorsEnabled=true}]<br>Session ID: 96932cf3-f379-427c-a19a-b9a227c864f6<br>*** Element info: {Using=xpath, value=.//*[@id='js-navigation-menu2']/li[3]/a}<br>	at java.lang.reflect.Constructor.newInstance(Unknown Source)<br>	at org.openqa.selenium.remote..ErrorHandler.createThrowable(ErrorHandler.java:206)<br>	at org.openqa.selenium.remote.ErrorHandler.throwIfResponseFailed(ErrorHandler.java:158)<br>	at org.openqa.selenium.remote.RemoteWebDriver.execute(RemoteWebDriver.java:678)<br>	at org.openqa.selenium.remote.RemoteWebDriver.findElement(RemoteWebDriver.java:363)<br>	at org.openqa.selenium.remote.RemoteWebDriver.findElementByXPath(RemoteWebDriver.java:500)<br>	at org.openqa.selenium.By$ByXPath.findEElement(By.java:361)<br>	at org.openqa.selenium.remote.RemoteWebDriver.findElement(RemoteWebDriver.java:355)<br>	at all_staging_test_runs.Login_Regression_Test.Logiin_Regression_Test_mymaintest(Login_Regression_Test.java:82)<br>Caused by: org.openqa.selenium.NoSuchElementException: Unable to locate element: {"method":"xpath","selector":".//*[@id='js-navvigation-menu2']/li[3]/a"}<br>For documentation on this error, please visit: http://seleniumhq.org/exceptions/no_such_element.htmml<br>Build info: version: '2.53.0', revision: '35ae25b', time: '2016-03-15 16:57:40'<br>System info: host: 'Test-PC', ip: '10.1.10.1441', os.name: 'Windows 7', os.arch: 'amd64', os.version: '6.1', java.version: '1.8.0_91'<br>Driver infoo: driver.version: unknown<br>	at &lt;anonymous class&gt;.FirefoxDriver.prototype.findElementInternal_(file:///C:/Users/DERECN~1/AppData/Local/Temp/anonymous8014806642470456785webdriver-profile/extensions/fxdriver@googlecode.com/components/driver-component.js:100770)<br>	at &lt;anonymous class&gt;.FirefoxDriver.prototype.findElement(file:///C:/Users/DERECN~1/AppData/Local/Temp/anonymous8014806642470456785webdriver-profile/extensions/fxdriver@googlecode.com/components/driver-component.js:10779)<br>	at &lt;anonymous class&gt;.DelayedCommand.prototype.executeInternal_/h(file:///C:/Users/DERECN~1/AppData/Local/Temp/anonymous8014806642470456785webdriver-profile/extensions/fxdriver@googlecode.com/components/command-processor.js:12661))<br>	at &lt;anonymous class&gt;.DelayedCommand.prototype.executeInternal_(file:///C:/Users/DERECN~1/AppData/Local/Temp/aanonymous8014806642470456785webdriver-profile/extensions/fxdriver@googlecode.com/components/command-processor.js:12666)<br>	at &lt;anonymous class&gt;.DelayedCommand.prototype.execute/&lt;(file:///C:/Users/DERECN~1/AppData/Local/Temp/anonymouss8014806642470456785webdriver-profile/extensions/fxdriver@googlecode.com/components/command-processor.js:12608)<br>
</code></td><td>27.406</td>
</tr>
<tr valign="top" class="Error">
<td><a href="all_staging_test_runs/14_Regression_Test_Iteration11_A_B_C_and12_Staging.html">Regression_Test_Iteration11_A_B_C_and12_Staging</a></td><td><a name="Regression_Test_Iteration11_A_B_C_mymaintest"></a><a href="all_staging_test_runs/14_Regression_Test_Iteration11_A_B_C_and12_Staging.html#Regression_Test_Iteration11_A_B_C_mymaintest">Regression_Test_Iteration11_A_B_C_mymaintest</a></td><td>Error</td><td>Unable to locate element: {"method":"xpath","selector":".//*[@id='answers[43][value]']/label[1]"}
Command duration or timeout: 142 milliseconds
For documentation on this error, please visit: http://seleniumhq.org/exceptions/no_such_element.html
Build info: version: '2.53.0', revision: '35ae25b', time: '2016-03-15 16:57:40'
System info: host: 'Test-PC', ip: '10.1.10.141', os.name: 'Windows 7', os.arch: 'amd64', os.version: '6.1', java.version: '1.8.0_91'
Driver info: org.openqa.selenium.firefox.FirefoxDriver
Capabilities [{applicationCacheEnabled=true, rotatable=false, handlesAlerts=true, databaseEnabled=true, version=45.0.2, platform=WINDOWS, nativeEvents=false, acceptSslCerts=true, webStorageEnabled=true, locationContextEnabled=true, browserName=firefox, takesScreenshot=true, javascriptEnabled=true, cssSelectorsEnabled=true}]
Session ID: 89385539-8723-47b6-9ff9-269ee4aa10a0
*** Element info: {Using=xpath, value=.//*[@id='answers[43][value]']/label[1]}<br>
<br>
<code>org.openqa.selenium.NoSuchElementException: Unable to locate element: {"method":"xpath","selecctor":".//*[@id='answers[43][value]']/label[1]"}<br>Coommand duration or timeout: 142 milliseconds<br>For documentation on this error, please visit: http://seleniumhq.org/exceptions/no_such_element.html<br>Build info: version: '2.53.0', revision: '35ae25b', time: '2016-03-15 16:57:40'<br>System info: host: 'Test-PC', ip: '10.1.10.141', os.name: 'Windows 7', os.arch: 'amd64', os.version: '6.1', java.version: '1.8.0_91'<br>Driver info: org.openqa.selenium.firefox.FirefoxDriver<br>Capabilities [{applicationCacheEnabled=true, rotatable=false, handlesAlerts=true, databaseEnabled=true, version=45.0.2, platform=WINDOWS, nativeEvents=false, acceptSslCerts=true, webStorageEnabled=true, locationContextEnabled=true, browserName=firefox, takesScreenshot=true, javascriptEnabled=true, cssSelectorsEnabled=true}]<br>Session ID: 89385539-8723-47b6-9ff9-269ee4aa10a0<br>*** Element info: {Using=xpath, value=.//*[@id='answers[43][value]']/llabel[1]}<br>	at java.lang.reflect.Constructor.newInstance(Unknown Source)<br>	at org.openqa.selenium.remote.ErrorHandler.createThrowable(ErrorHandler.java:206)<br>	at org.openqa..selenium.remote.ErrorHandler.throwIfResponseFailed(ErrorHandler.java:158)<br>	at org.openqa.selenium.remote.RemoteWebDriver.execute(RemoteWebDriver.java:678)<br>	at org.openqa.selenium.remote.RemoteWebDriver.findElement(RemoteWebDriver.java:363)<br>	at org.openqa.selenium.remote.RemoteWebDriver.findElementByXPath(RemoteWebDriver.java:500)<br>	at org.openqa.selenium.By$ByXPath.findElement(By.java:361)<br>	at org.openqa.selenium.remote.RemoteWebDriver.findElemment(RemoteWebDriver.java:355)<br>	at all_staging_test_runs.Regression_Test_Iteration11_A_B_C_and12_Staging.Regressionn_Test_Iteration11_A_B_C_mymaintest(Regression_Test_Iteration11_A_B_C_and12_Staging.java:792)<br>Caused by: org.openqa.selenium.NoSuchElementException: Unable to locate element: {"method":"xpath","selector":".//*[@id='answerrs[43][value]']/label[1]"}<br>For documentation on this error, please visit: http://seleniumhq.org/exceptions/no_such_element.htmml<br>Build info: version: '2.53.0', revision: '35ae25b', time: '2016-03-15 16:57:40'<br>System info: host: 'Test-PC', ip: '10.1.10.1441', os.name: 'Windows 7', os.arch: 'amd64', os.version: '6.1', java.version: '1.8.0_91'<br>Driver infoo: driver.version: unknown<br>	at &lt;anonymous class&gt;.FirefoxDriver.prototype.findElementInternal_(file:///C:/Users/DERECN~1/AppData/Local/Temp/anonymous4325804652106474509webdriver-profile/extensions/fxdriver@googlecode.com/components/driver-component.js:100770)<br>	at &lt;anonymous class&gt;.FirefoxDriver.prototype.findElement(file:///C:/Users/DERECN~1/AppData/Local/Temp/anonymous4325804652106474509webdriver-profile/extensions/fxdriver@googlecode.com/components/driver-component.js:10779)<br>	at &lt;anonymous class&gt;.DelayedCommand.prototype.executeInternal_/h(file:///C:/Users/DERECN~1/AppData/Local/Temp/anonymous4325804652106474509webdriver-profile/extensions/fxdriver@googlecode.com/components/command-processor.js:12661))<br>	at &lt;anonymous class&gt;.DelayedCommand.prototype.executeInternal_(file:///C:/Users/DERECN~1/AppData/Local/Temp/aanonymous4325804652106474509webdriver-profile/extensions/fxdriver@googlecode.com/components/command-processor.js:12666)<br>	at &lt;anonymous class&gt;.DelayedCommand.prototype.execute/&lt;(file:///C:/Users/DERECN~1/AppData/Local/Temp/anonymouss4325804652106474509webdriver-profile/extensions/fxdriver@googlecode.com/components/command-processor.js:12608)<br>
</code></td><td>262.280</td>
</tr>
<tr valign="top" class="Error">
<td><a href="all_staging_test_runs/15_US402_EDWOSB_Self_Certifies_Questionnaire_Staging.html">US402_EDWOSB_Self_Certifies_Questionnaire_Staging</a></td><td><a name="EDWOSB_Self_Certifies_Questionnaire_Maintest"></a><a href="all_staging_test_runs/15_US402_EDWOSB_Self_Certifies_Questionnaire_Staging.html#EDWOSB_Self_Certifies_Questionnaire_Maintest">EDWOSB_Self_Certifies_Questionnaire_Maintest</a></td><td>Error</td><td>Element is not clickable at point (1200.1500244140625, 38). Other element would receive the click: &lt;div class="modal-fade-screen"&gt;&lt;/div&gt;
Command duration or timeout: 67 milliseconds
Build info: version: '2.53.0', revision: '35ae25b', time: '2016-03-15 16:57:40'
System info: host: 'Test-PC', ip: '10.1.10.141', os.name: 'Windows 7', os.arch: 'amd64', os.version: '6.1', java.version: '1.8.0_91'
Driver info: org.openqa.selenium.firefox.FirefoxDriver
Capabilities [{applicationCacheEnabled=true, rotatable=false, handlesAlerts=true, databaseEnabled=true, version=45.0.2, platform=WINDOWS, nativeEvents=false, acceptSslCerts=true, webStorageEnabled=true, locationContextEnabled=true, browserName=firefox, takesScreenshot=true, javascriptEnabled=true, cssSelectorsEnabled=true}]
Session ID: a2214da9-81c6-47ec-b281-cefb91019618<br>
<br>
<code>org.openqa.selenium.WebDriverException: Element is not clickable at point (1200.1500244140625, 38). Other elemeent would receive the click: &lt;div class="modal-fade-screen"&gt;&lt;/div&gt;<br>Command duration or timeout: 67 millisecconds<br>Build info: version: '2.53.0', revision: '35ae25b', time: '2016-03-15 16:57:40'<br>System info: host: 'Test-PC', ip: '10.1.10.141', os.name: 'Windows 7', os.arch: 'amd64', os.version: '6.1', java.version: '1.8.0_91'<br>Driver info: org.openqa.selenium.firefox.FirefoxDriver<br>Capabilities [{applicationCacheEnabled=true, rotatable=false, handlesAlerts=true, databaseEnabled=true, version=45.0.2, platform=WINDOWS, nativeEvents=false, acceptSslCerts=true, webStorageEnabled=true, locationContextEnabled=true, browserName=firefox, takesScreenshot=true, javascriptEnabled=true, cssSelectorsEnabled=true}]<br>Session ID: a2214da9-81c6-47ec-b281-cefb91019618<br>	at java.lang.reflect.Constructor.newInstance(Unknown Source)<br>	at org.openqa.selenium.remote.ErrorHandler.createThrowable(ErrorHandler.java:206)<br>	at org.openqa.selenium.remote.ErrorHandler.throwIfResponseFailed(ErrorHandler.java:158)<br>	at org.openqa.selenium.remote.RemoteWebDriver.execute(RemoteWebDriver.java:678)<br>	at org.openqa.selenium.remote.RemoteWebElement.execute(RemoteWebElement.java:327)<br>	at org.openqa.selenium.remote.RemoteWebElement.click(RemoteWebElement.java:85)<br>	at all_staging_test_runs.US402_EDWOSB_Self_Certifies_Questionnaire_Staging.EDWOSB_Self_Certifies_Questionnaire_Maintest(US402_EDWOSB_Self_Certifies_Questionnaire_Staging.java:82)<br>
</code></td><td>22.228</td>
</tr>
<tr valign="top" class="Error">
<td><a href="all_staging_test_runs/16_US788_Collapse_Navigation_Pane_Corp_EDWOSB.html">US788_Collapse_Navigation_Pane_Corp_EDWOSB</a></td><td><a name="testSmokeLogin"></a><a href="all_staging_test_runs/16_US788_Collapse_Navigation_Pane_Corp_EDWOSB.html#testSmokeLogin">testSmokeLogin</a></td><td>Error</td><td>Element is not clickable at point (1200.1500244140625, 38). Other element would receive the click: &lt;div class="modal-fade-screen"&gt;&lt;/div&gt;
Command duration or timeout: 76 milliseconds
Build info: version: '2.53.0', revision: '35ae25b', time: '2016-03-15 16:57:40'
System info: host: 'Test-PC', ip: '10.1.10.141', os.name: 'Windows 7', os.arch: 'amd64', os.version: '6.1', java.version: '1.8.0_91'
Driver info: org.openqa.selenium.firefox.FirefoxDriver
Capabilities [{applicationCacheEnabled=true, rotatable=false, handlesAlerts=true, databaseEnabled=true, version=45.0.2, platform=WINDOWS, nativeEvents=false, acceptSslCerts=true, webStorageEnabled=true, locationContextEnabled=true, browserName=firefox, takesScreenshot=true, javascriptEnabled=true, cssSelectorsEnabled=true}]
Session ID: 9f88286e-7bfc-4897-8131-542bcc6ee120<br>
<br>
<code>org.openqa.selenium.WebDriverException: Element is not clickable at point (1200.1500244140625, 38). Other element would receive the click: &lt;div class="modal-fade-screen"&gt;&lt;/div&gt;<br>Command duration or timeout: 76 milliseconds<br>Build info: version: '2.53.0', revision: '35ae25b', time: '2016-03-15 16:57:40'<br>System info: host: 'Test-PC', ip: '10.1.10.141', os.name: 'Windows 7', os.arch: 'amd64', os.version: '6.1'', java.version: '1.8.0_91'<br>Driver info: org.openqa.selenium.firefox.FirefoxDriver<br>Capabilities [{applicationCacheEnabled=true, rotatable=false, handlesAlerts=true, databaseEnabled=true, version=45.0.2, platform=WINDOWS, nativeEvents=false, acceptSslCerts=true, webStorageEnabled=true, locationContextEnabled=true, browserName=firefoox, takesScreenshot=true, javascriptEnabled=true, cssSelectorsEnabled=true}]<br>Session ID: 9f88286e-7bfc-4897-8131-542bcc6ee120<br>	at java.lang.reflect.Constructor.newInstance(Unnknown Source)<br>	at org.openqa.selenium.remote.ErrorHandler.createThrowable(ErrorHandleer.java:206)<br>	at org.openqa.selenium.remote.ErrorHandler.throwIfResponseFailed(ErrorHandler.java:1158)<br>	at org.openqa.selenium.remote.RemoteWebDriver.exxecute(RemoteWebDriver.java:678)<br>	at org.openqa.selenium.remote.RemoteWebElement.execute(RemoteWebElement.java:327)<br>	at org.openqa.selenium.remote.RemoteWebElement.click(RemoteWebElemment.java:85)<br>	at all_staging_test_runs.US788_Collapse_Navigation_Pane_Corp_EDWOSB.testSmokeLogin(US788_Collapse_Navigation_Pane_Corp_EDWOSB.java:179)<br>
</code></td><td>15.928</td>
</tr>
</table>
</body>
</html>
