<html xmlns:string="xalan://java.lang.String" xmlns:lxslt="http://xml.apache.org/xslt">
<head>
<META http-equiv="Content-Type" content="text/html; charset=UTF-8">
<title>Unit Test Results: All Errors</title>
<link rel="stylesheet" type="text/css" title="Style" href="stylesheet.css">
</head>
<body onload="open('allclasses-frame.html','classListFrame')">
<h1>Unit Test Results.</h1>
<table width="100%">
<tr>
<td align="left"></td><td align="right">Designed for use with <a href="http://www.junit.org/">JUnit</a> and <a href="http://ant.apache.org/">Ant</a>.</td>
</tr>
</table>
<hr size="1">
<h2>All Errors</h2>
<table class="details" border="0" cellpadding="5" cellspacing="2" width="95%">
<tr valign="top">
<th>Class</th><th>Name</th><th>Status</th><th width="80%">Type</th><th nowrap>Time(s)</th>
</tr>
<tr valign="top" class="Error">
<td><a href="regression_for_2_1_4_release/18_Regression_Test_Iteration11_A_B_C.html">Regression_Test_Iteration11_A_B_C</a></td><td><a name="Regression_Test_Iteration11_A_B_C_mymaintest"></a><a href="regression_for_2_1_4_release/18_Regression_Test_Iteration11_A_B_C.html#Regression_Test_Iteration11_A_B_C_mymaintest">Regression_Test_Iteration11_A_B_C_mymaintest</a></td><td>Error</td><td>Unable to locate element: {"method":"xpath","selector":".//*[@id='answers_99_value_new_button']"}
Command duration or timeout: 3.37 seconds
For documentation on this error, please visit: http://seleniumhq.org/exceptions/no_such_element.html
Build info: version: '2.53.0', revision: '35ae25b', time: '2016-03-15 16:57:40'
System info: host: 'Test-PC', ip: '192.168.56.1', os.name: 'Windows 7', os.arch: 'amd64', os.version: '6.1', java.version: '1.8.0_77'
Driver info: org.openqa.selenium.firefox.FirefoxDriver
Capabilities [{applicationCacheEnabled=true, rotatable=false, handlesAlerts=true, databaseEnabled=true, version=45.0.2, platform=WINDOWS, nativeEvents=false, acceptSslCerts=true, webStorageEnabled=true, locationContextEnabled=true, browserName=firefox, takesScreenshot=true, javascriptEnabled=true, cssSelectorsEnabled=true}]
Session ID: 4f206318-4305-4264-a4e0-0b6f0659cd15
*** Element info: {Using=xpath, value=.//*[@id='answers_99_value_new_button']}<br>
<br>
<code>org.openqa.selenium.NoSuchElementException: Unable to locate element: {"method":"xpath","selector":".//*[@id='answers_99_value_new_button']"}<br>Command duration or timeout: 3.37 seconds<br>For documentation on this error, please visit: http://seleniumhq..org/exceptions/no_such_element.html<br>Build info: version: '2.53.0', revision: '35ae25b', time: '2016-03-15 16:57:40'<br>System info: host: 'Test-PC', ip: '192.168.56.1', os.name: 'Windows 7', os.arch: 'amd64', os.version: '6.1', java.version: '1.8.0_77'<br>Driver info: org.openqa.selenium.firefox.FirefoxDriver<br>Capabilities [{applicationCacheEnabled=true, rotatable=false, handlesAlerts=true, databaseEnabled=true, version=45.0.2, platform=WINDOWS, nativeEvents=false, accceptSslCerts=true, webStorageEnabled=true, locationContextEnabled=true, browserName=firefox, takesScreenshot=true, javascriptEnabled=true, cssSelectorsEnabled=true}]<br>Session ID: 4f206318-43305-4264-a4e0-0b6f0659cd15<br>*** Element info: {Using=xpath, value=.//*[@id='answers_99_value_new_buttton']}<br>	at java.lang.reflect.Constructor.newInstance(Constructor.java:423)<br>	at org.openqa.selenium.remote.ErrorHandler.createThrowable(ErrorHandler.java:206)<br>	at org.opennqa.selenium.remote.ErrorHandler.throwIfResponseFailed(ErrorHandler.java:158)<br>	at org.openqa.selenium.remote.RemoteWebDriver.execute(RemoteWebDriver.java:678)<br>	at org.openqa.selenium.remote.RemoteWebDriver.findElement(RemoteWebDriver.java:363)<br>	at org.openqa.selenium.remote.RemoteWebDriver.findElementByXPath(RemoteWebDriver.java:500)<br>	at org.openqa.selenium.By$ByXPath.findElement(By.java:361)<br>	at org.openqa.selenium.remote.RemoteWebDrivver.findElement(RemoteWebDriver.java:355)<br>	at regression_for_2_1_4_release.Regression_Test_Iteration11_A_B_C.Regression_Test_Iteration11_A_B_C_mymaintest(Regression_Test_Iteration11_A_B_C.java:653)<br>Caused by: org.openqa.selenium.NoSuchElementException: Unable to locate element: {"method":"xpath","selector":".//*[@id='answers_99_value_new_button']"}<br>For documentation on this error, please visit: http://seleniumhq.org/exceptions/no_such_element.html<br>Build info: version: '2.53.0', revision: '35ae25b', time: '2016-03-15 16:57:40'<br>System info: host: 'Test-PC', ip: '192.168.56.1', os.name: 'Windows 7', os.arch: 'amd64', os.version: '6.1', java.version: '1.8.0_77'<br>Driver infoo: driver.version: unknown<br>	at &lt;anonymous class&gt;.FirefoxDriver.prototype.findElementInternal_(file:///C:/Users/DERECN~1/AppData/Local/Temp/anonymous2421038920509466075webdriver-profile/extensions/fxdriver@googlecode.com/components/driver-component.js:10770)<br>	at &lt;anonymous class&gt;.FirefoxDriver.prototype.findElement(file:///C:/Users/DERECN~1//AppData/Local/Temp/anonymous2421038920509466075webdriver-profile/extensions/fxdriver@googlecode.com/components/driver-component.js:10779)<br>	at &lt;anonymous class&gt;.DelayedCommand.prototype.executeInternal_/h(file:///C:/Users/DERECN~1/AppData/Local/Temp/anonymous2421038920509466075webdriver-profile/extensions/fxdriver@googlecode.com/components/command-processor.js:12661))<br>	at &lt;anonymous class&gt;.DelayedCommand.prototype.executeInternal_(file:///C:/Users/DERECN~1/AppData/Local/Temp/aanonymous2421038920509466075webdriver-profile/extensions/fxdriver@googlecode.com/components/command-processor.js:12666)<br>	at &lt;anonymous class&gt;.DelayedCommand.prototype.execute/&lt;(file:///C:/Users/DERECN~1/AppData/Local/Temp/anonymouss2421038920509466075webdriver-profile/extensions/fxdriver@googlecode.com/components/command-processor.js:12608)<br>
</code></td><td>398.298</td>
</tr>
<tr valign="top" class="Error">
<td><a href="regression_for_2_1_4_release/19_Rgression_Test_for_Iteration_10_11.html">Rgression_Test_for_Iteration_10_11</a></td><td><a name="US709_WOSB_Self_Certifies_EDWOSB_and_8_a_Users_reviews_Privacy_Statement_413_mymaintest"></a><a href="regression_for_2_1_4_release/19_Rgression_Test_for_Iteration_10_11.html#US709_WOSB_Self_Certifies_EDWOSB_and_8_a_Users_reviews_Privacy_Statement_413_mymaintest">US709_WOSB_Self_Certifies_EDWOSB_and_8_a_Users_reviews_Privacy_Statement_413_mymaintest</a></td><td>Error</td><td>Unable to locate element: {"method":"name","selector":"commit"}
Command duration or timeout: 2.56 seconds
For documentation on this error, please visit: http://seleniumhq.org/exceptions/no_such_element.html
Build info: version: '2.53.0', revision: '35ae25b', time: '2016-03-15 16:57:40'
System info: host: 'Test-PC', ip: '192.168.56.1', os.name: 'Windows 7', os.arch: 'amd64', os.version: '6.1', java.version: '1.8.0_77'
Driver info: org.openqa.selenium.firefox.FirefoxDriver
Capabilities [{applicationCacheEnabled=true, rotatable=false, handlesAlerts=true, databaseEnabled=true, version=45.0.2, platform=WINDOWS, nativeEvents=false, acceptSslCerts=true, webStorageEnabled=true, locationContextEnabled=true, browserName=firefox, takesScreenshot=true, javascriptEnabled=true, cssSelectorsEnabled=true}]
Session ID: 5667c083-ee51-4b58-aff4-3f900c5256ba
*** Element info: {Using=name, value=commit}<br>
<br>
<code>org.openqa.selenium.NoSuchElementException: Unable to locate element: {"method":"name","selector":"commit"}<br>Command duration or timeout: 2.56 seconds<br>For documentation on this error, please visit: http://seleniumhq.org/exceptions/noo_such_element.html<br>Build info: version: '2.53.0', revision: '35ae25b', time: '2016-03-15 16:57:40'<br>System info: host: 'Test-PC', ip: '192.168.56.1', os.name: 'Windows 7', os.arch: 'amd64', os.version: '6.1', java.version: '1.8.0_77'<br>Driver info: org.openqa.selenium.firefox.FirefoxDriver<br>Capabilities [{applicationCacheEnabled=true, rotatable=false, handlesAlerts=true, databaseEnabled=true, version=45.0.2, platform=WINDOWS, nativeEvents=false, accceptSslCerts=true, webStorageEnabled=true, locationContextEnabled=true, browserName=firefox, takesScreenshot=true, javascriptEnabled=true, cssSelectorsEnabled=true}]<br>Session ID: 5667c083-ee51-4b58-aff4-3f900c52556ba<br>*** Element info: {Using=name, value=commit}<br>	at java.lang.reflect.Constructor.newInstance(Constructor.java:423)<br>	at org.openqa.selenium.remote.ErrorHandler.createThrowable(ErrorHandler.java:206)<br>	at org.openqa.selenium.remotte.ErrorHandler.throwIfResponseFailed(ErrorHandler.java:158)<br>	at org.openqa.selenium.remote.RemoteWebDriver.execute(RemoteWebDriver.java:678)<br>	at org.openqa.selenium.remote.RemoteWebDriver.findElement(RemoteWebDriver.java:363)<br>	at org.openqa.selenium.remote.RemoteWebDriver.findElementByName(RemoteWebDriver.java:461)<br>	at org.openqa.selenium.By$ByName.findElement(By.java:303)<br>	at org.openqa.selenium.remote.RemoteWebDriver.findElement(RemoteWebbDriver.java:355)<br>	at regression_for_2_1_4_release.Rgression_Test_for_Iteration_10_11.US709_WOSB_Self_Certifies_EDWOSB_and_8_a_Userrs_reviews_Privacy_Statement_413_mymaintest(Rgression_Test_for_Iteration_10_11.java:642)<br>Caused by: org.openqa.selenium.NoSuchElementException: Unable to locate element: {"method":"name","selector":"commit"}<br>For documentation on this error, please visit: http://seleniumhq.org/exceptions/no_such_element.html<br>Build info: version: '2.53.0', revision: '35ae25b', time: '2016-03-15 16:57:40'<br>System info: host: 'Test-PC', ip: '192.168.56.1', os.name: 'Windows 7', os.arch: 'amd64', os.version: '6.1', java.version: '1.8.0_77'<br>Driver info: driver.version:: unknown<br>	at &lt;anonymous class&gt;.FirefoxDriver.prototype.findElementInternal_(file:///C:/Users/DERECN~1/AppData/Local/Temp/anonymous2895975994424949314webdriver-profile/extensions/fxdriver@googlecode.com/components/driver-component.js:10770)<br>	at &lt;anonymous class&gt;.FirefoxDriver.prototype.findElement(file:///C:/Users/DERECN~1/AppData/Local/Temmp/anonymous2895975994424949314webdriver-profile/extensions/fxdriver@googlecode.com/components/driver-component.js:10779)<br>	at &lt;anonymous class&gt;.DelayedCommand.prototype.executeInternal_/h(file:///C:/Users/DERECN~1/AppData/Local/Temp/anonymous2895975994424949314webdriver-profile/extensions/fxdriver@googlecode.com/components/command-processor.js:12661))<br>	at &lt;anonymous class&gt;.DelayedCommand.prototype.executeInternal_(file:///C:/Users/DERECN~1/AppData/Local/Temp/aanonymous2895975994424949314webdriver-profile/extensions/fxdriver@googlecode.com/components/command-processor.js:12666)<br>	at &lt;anonymous class&gt;.DelayedCommand.prototype.execute/&lt;(file:///C:/Users/DERECN~1/AppData/Local/Temp/anonymouss2895975994424949314webdriver-profile/extensions/fxdriver@googlecode.com/components/command-processor.js:12608)<br>
</code></td><td>347.007</td>
</tr>
<tr valign="top" class="Error">
<td><a href="regression_for_2_1_4_release/30_US880_User_Support_Passphrase_visible_when_creating_account_or_resetting_my_passphrase.html">US880_User_Support_Passphrase_visible_when_creating_account_or_resetting_my_passphrase</a></td><td><a name="US880_User_Support_Passphrase_visible_when_creating_account_or_resetting_my_passphrase_Maintest"></a><a href="regression_for_2_1_4_release/30_US880_User_Support_Passphrase_visible_when_creating_account_or_resetting_my_passphrase.html#US880_User_Support_Passphrase_visible_when_creating_account_or_resetting_my_passphrase_Maintest">US880_User_Support_Passphrase_visible_when_creating_account_or_resetting_my_passphrase_Maintest</a></td><td>Error</td><td>The FirefoxDriver cannot be used after quit() was called.
Build info: version: '2.53.0', revision: '35ae25b', time: '2016-03-15 16:57:40'
System info: host: 'Test-PC', ip: '192.168.56.1', os.name: 'Windows 7', os.arch: 'amd64', os.version: '6.1', java.version: '1.8.0_77'
Driver info: driver.version: RemoteWebDriver<br>
<br>
<code>org.openqa.selenium.remote.SessionNotFoundException: The FirefoxDriver cannot be used after quit() was called.<br>Build info: version: '2.53.0', revision: '35ae25b',, time: '2016-03-15 16:57:40'<br>System info: host: 'Test-PC', ip: '192.168.56.1', os.name: 'Windows 7', os.arch: 'amd64', os.version: '6.1', java.version: '1.8.0_77'<br>Driver info: driver.version: RemoteWebDriver<br>	at org.openqa.selenium.firefox.FirefoxDriver$LazyCommandExecutor.eexecute(FirefoxDriver.java:377)<br>	at org.openqa.selenium.remote.RemoteWebDriver..execute(RemoteWebDriver.java:644)<br>	at org.openqa.selenium.remote.RemoteWebDriver.execute(RemoteWebDriver.java:701)<br>	at org.openqa.selenium.remote.RemoteWebDriver.getPageSource(RemoteWebDriver.java:511)<br>	at regression_for_2_1_4_release.US880_User_Support_Passphrase_visible_when_creating_account_or_resetting_my_passphrase.US880_User_Support_Passphrase_visible_when_creating_account_or_resetting_my_passphrase_Maintest(US880_User_Support_Passphrase_visible_when_creating_account_or_resetting_my_passphrase.java:167)<br>
</code></td><td>63.613</td>
</tr>
</table>
</body>
</html>
