<html xmlns:string="xalan://java.lang.String" xmlns:lxslt="http://xml.apache.org/xslt">
<head>
<META http-equiv="Content-Type" content="text/html; charset=UTF-8">
<title>Unit Test Results: All Tests</title>
<link rel="stylesheet" type="text/css" title="Style" href="stylesheet.css">
</head>
<body onload="open('allclasses-frame.html','classListFrame')">
<h1>Unit Test Results.</h1>
<table width="100%">
<tr>
<td align="left"></td><td align="right">Designed for use with <a href="http://www.junit.org/">JUnit</a> and <a href="http://ant.apache.org/">Ant</a>.</td>
</tr>
</table>
<hr size="1">
<h2>All Tests</h2>
<table class="details" border="0" cellpadding="5" cellspacing="2" width="95%">
<tr valign="top">
<th>Class</th><th>Name</th><th>Status</th><th width="80%">Type</th><th nowrap>Time(s)</th>
</tr>
<tr valign="top" class="TableRowColor">
<td><a href="all_production_test/0_Am_I_Eligible_TC1_Scenario8_WOSB_Production_Success.html">Am_I_Eligible_TC1_Scenario8_WOSB_Production_Success</a></td><td><a name="AM_I_Eligible_maintest"></a><a href="all_production_test/0_Am_I_Eligible_TC1_Scenario8_WOSB_Production_Success.html#AM_I_Eligible_maintest">AM_I_Eligible_maintest</a></td><td>Success</td><td></td><td>25.998</td>
</tr>
<tr valign="top" class="TableRowColor">
<td><a href="all_production_test/1_Am_I_Eligibles_Scenario_1_EDWOB_Success_Production.html">Am_I_Eligibles_Scenario_1_EDWOB_Success_Production</a></td><td><a name="AM_I_Eligible_maintest"></a><a href="all_production_test/1_Am_I_Eligibles_Scenario_1_EDWOB_Success_Production.html#AM_I_Eligible_maintest">AM_I_Eligible_maintest</a></td><td>Success</td><td></td><td>49.933</td>
</tr>
<tr valign="top" class="TableRowColor">
<td><a href="all_production_test/2_Iteration11_A_B_C_and12_Production.html">Iteration11_A_B_C_and12_Production</a></td><td><a name="Iteration11_A_B_C_Production_Test1_mymaintest"></a><a href="all_production_test/2_Iteration11_A_B_C_and12_Production.html#Iteration11_A_B_C_Production_Test1_mymaintest">Iteration11_A_B_C_Production_Test1_mymaintest</a></td><td>Success</td><td></td><td>381.716</td>
</tr>
<tr valign="top" class="TableRowColor">
<td><a href="all_production_test/3_US649_EDWOSB_Other_Real_State_Production.html">US649_EDWOSB_Other_Real_State_Production</a></td><td><a name="EDWOSB_Real_State_Other_MainTest"></a><a href="all_production_test/3_US649_EDWOSB_Other_Real_State_Production.html#EDWOSB_Real_State_Other_MainTest">EDWOSB_Real_State_Other_MainTest</a></td><td>Success</td><td></td><td>173.975</td>
</tr>
<tr valign="top" class="TableRowColor">
<td><a href="all_production_test/4_US788_Collapse_Navigation_Pane_Corp_EDWOSB.html">US788_Collapse_Navigation_Pane_Corp_EDWOSB</a></td><td><a name="testSmokeLogin"></a><a href="all_production_test/4_US788_Collapse_Navigation_Pane_Corp_EDWOSB.html#testSmokeLogin">testSmokeLogin</a></td><td>Success</td><td></td><td>185.010</td>
</tr>
<tr valign="top" class="Error">
<td><a href="all_production_test/5_US788_Collapse_Navigation_Pane_LLC_WOSB.html">US788_Collapse_Navigation_Pane_LLC_WOSB</a></td><td><a name="testSmokeLogin"></a><a href="all_production_test/5_US788_Collapse_Navigation_Pane_LLC_WOSB.html#testSmokeLogin">testSmokeLogin</a></td><td>Error</td><td>Unable to locate element: {"method":"xpath","selector":".//*[@id='js-navigation-menu']/li[2]/a"}
Command duration or timeout: 620 milliseconds
For documentation on this error, please visit: http://seleniumhq.org/exceptions/no_such_element.html
Build info: version: '2.53.0', revision: '35ae25b', time: '2016-03-15 16:57:40'
System info: host: 'Test-PC', ip: '10.1.10.141', os.name: 'Windows 7', os.arch: 'amd64', os.version: '6.1', java.version: '1.8.0_91'
Driver info: org.openqa.selenium.firefox.FirefoxDriver
Capabilities [{applicationCacheEnabled=true, rotatable=false, handlesAlerts=true, databaseEnabled=true, version=45.0.2, platform=WINDOWS, nativeEvents=false, acceptSslCerts=true, webStorageEnabled=true, locationContextEnabled=true, browserName=firefox, takesScreenshot=true, javascriptEnabled=true, cssSelectorsEnabled=true}]
Session ID: 3a514c4a-d173-47d1-aed2-d877ff046d16
*** Element info: {Using=xpath, value=.//*[@id='js-navigation-menu']/li[2]/a}<br>
<br>
<code>org.openqa.selenium.NoSuchElementException: Unable to locate element: {"method":"xpath","selector":".//*[@id='js-navigation-menu']/li[2]/a"}<br>Commmand duration or timeout: 620 milliseconds<br>For documentation on this error, please visit: http://seleniumhhq.org/exceptions/no_such_element.html<br>Build info: version: '2.53.0', revision: '35ae25b', time: '2016-03-15 16:57:40'<br>System info: host: 'Test-PC', ip: '10.1.10.141', os.name: 'Windows 7', os.arch: 'amd64', os.version: '6.1', java.version: '1.8.0_91'<br>Driver info: org.openqa.selenium.firefox.FirefoxDriver<br>Capabilities [{applicationCacheEnabled=true, rotatable=false, handlesAlerts=true, databaseEnabled=true, version=45.0.2, platform=WINDOWS, nativeEvents=false, accceptSslCerts=true, webStorageEnabled=true, locationContextEnabled=true, browserName=firefox, takesScreenshot=true, javascriptEnabled=true, cssSelectorsEnabled=true}]<br>Sessiion ID: 3a514c4a-d173-47d1-aed2-d877ff046d16<br>*** Element info: {Using=xpath, value=.//*[@id='js-navigation-menu']/lli[2]/a}<br>	at java.lang.reflect.Constructorr.newInstance(Unknown Source)<br>	at org.openqa.selenium.remote.ErrorHandler.createThrowable(ErrorHandler.java:206)<br>	at org.openqa.selenium.remote.ErrorHandler.throwIfResponseFailed(ErrorHandler.java:158)<br>	at org.openqa.selenium.remote.RemoteWebDriver.execute(RemoteWebDriver.java:678)<br>	at org.openqa.selenium.remote.RemoteWebDriver.findElement(RemoteWebDriver.java:363)<br>	at org.openqa.selenium.remote.RemoteWebDriver.findElementByXPath(RemoteWebDDriver.java:500)<br>	at org.openqa.selenium.Byy$ByXPath.findElement(By.java:361)<br>	at org.openqa.selenium.remote.RemoteWebDriver.findElement(RemoteWebDriver.java:355)<br>	at all_production_test.US788_Collapse_Navigation_Pane_LLC_WOSB.testSmokeLogin(US788_Collapse_Navigation_Pane_LLC_WOSB.java:105)<br>Caused by: org.openqa.selenium.NoSuchElementException: Unable to locate element: {"method":"xpath","selector":".//*[@id='js-naavigation-menu']/li[2]/a"}<br>For documentation on this error, please visit: http://seleniumhq.org/exceptions/no_such_element.html<br>Build info: version: '2.53.0', revision: '35ae25b', time: '2016-03-15 16:57:40'<br>System info: host: 'Test-PC', ip: '10.1.10.1441', os.name: 'Windows 7', os.arch: 'amd64', os.version: '6.1', java.version: '1.8.0_91'<br>Driver info:: driver.version: unknown<br>	at &lt;anonymous class&gt;.FirefoxDriver.prototype.findElementInternal_(file:///C:/Users/DERECN~1/AppData/Local/Temp/anonymous2564736048450249114webdriver-profile/extensions/fxdriver@googlecode.com/components/driver-component.js:10770)<br>	at &lt;anonymous class&gt;.FirefoxDriver.prototype.findElement(file:///C:/Users/DERECN~1/AAppData/Local/Temp/anonymous2564736048450249114webdriver-profile/extensions/fxdriver@googlecode.com/components/driver-component.js:10779)<br>	at &lt;anonymous class&gt;.DelayedCommand.prototype.executeInternal_/h(file:///C:/Users/DERECN~1/AppData/Local/Temp/anonymous2564736048450249114webdriver-profile/extensions/fxdriver@googlecode.com/components/command-processor.js:12661))<br>	at &lt;anonymous class&gt;.DelayedCommand.prototype.executeInternal_(file:///C:/Users/DERECN~1/AppData/Local/Temp/aanonymous2564736048450249114webdriver-profile/extensions/fxdriver@googlecode.com/components/command-processor.js:12666)<br>	at &lt;anonymous class&gt;.DelayedCommand.prototype.execute/&lt;(file:///C:/Users/DERECN~1/AppData/Local/Temp/anonymouss2564736048450249114webdriver-profile/extensions/fxdriver@googlecode.com/components/command-processor.js:12608)<br>
</code></td><td>20.848</td>
</tr>
<tr valign="top" class="TableRowColor">
<td><a href="all_production_test/6_US855_Improve_Text_Work_In_Progress_From_All_pages.html">US855_Improve_Text_Work_In_Progress_From_All_pages</a></td><td><a name="US855_Improve_Text_Work_In_Progress_From_All_pages_MainTest"></a><a href="all_production_test/6_US855_Improve_Text_Work_In_Progress_From_All_pages.html#US855_Improve_Text_Work_In_Progress_From_All_pages_MainTest">US855_Improve_Text_Work_In_Progress_From_All_pages_MainTest</a></td><td>Success</td><td></td><td>49.965</td>
</tr>
<tr valign="top" class="TableRowColor">
<td><a href="all_production_test/7_US861_SBA_Analyst_View_More_Info_About_Vendor.html">US861_SBA_Analyst_View_More_Info_About_Vendor</a></td><td><a name="US861_SBA_Analyst_View_More_Info_About_Vendor_MainTest"></a><a href="all_production_test/7_US861_SBA_Analyst_View_More_Info_About_Vendor.html#US861_SBA_Analyst_View_More_Info_About_Vendor_MainTest">US861_SBA_Analyst_View_More_Info_About_Vendor_MainTest</a></td><td>Success</td><td></td><td>38.014</td>
</tr>
<tr valign="top" class="TableRowColor">
<td><a href="all_production_test/8_US862_SBA_Analyst_Cloning_Sends_Certification_Back_to_Vendor.html">US862_SBA_Analyst_Cloning_Sends_Certification_Back_to_Vendor</a></td><td><a name="US862_SBA_Analyst_Cloning_Sends_Certification_Back_to_Vendor_Maintest"></a><a href="all_production_test/8_US862_SBA_Analyst_Cloning_Sends_Certification_Back_to_Vendor.html#US862_SBA_Analyst_Cloning_Sends_Certification_Back_to_Vendor_Maintest">US862_SBA_Analyst_Cloning_Sends_Certification_Back_to_Vendor_Maintest</a></td><td>Success</td><td></td><td>23.085</td>
</tr>
<tr valign="top" class="TableRowColor">
<td><a href="all_production_test/9_US870_STRETCH_WOSB_Self_Certifies_Add_Tax_Attachments.html">US870_STRETCH_WOSB_Self_Certifies_Add_Tax_Attachments</a></td><td><a name="US870_STRETCH_WOSB_Self_Certifies_Add_Tax_Attachments_Maintest"></a><a href="all_production_test/9_US870_STRETCH_WOSB_Self_Certifies_Add_Tax_Attachments.html#US870_STRETCH_WOSB_Self_Certifies_Add_Tax_Attachments_Maintest">US870_STRETCH_WOSB_Self_Certifies_Add_Tax_Attachments_Maintest</a></td><td>Success</td><td></td><td>80.982</td>
</tr>
<tr valign="top" class="TableRowColor">
<td><a href="all_production_test/10_US880_User_Support_Passphrase_visible_when_creating_account_or_resetting_my_passphrase.html">US880_User_Support_Passphrase_visible_when_creating_account_or_resetting_my_passphrase</a></td><td><a name="US880_User_Support_Passphrase_visible_when_creating_account_or_resetting_my_passphrase_Maintest"></a><a href="all_production_test/10_US880_User_Support_Passphrase_visible_when_creating_account_or_resetting_my_passphrase.html#US880_User_Support_Passphrase_visible_when_creating_account_or_resetting_my_passphrase_Maintest">US880_User_Support_Passphrase_visible_when_creating_account_or_resetting_my_passphrase_Maintest</a></td><td>Success</td><td></td><td>59.719</td>
</tr>
<tr valign="top" class="TableRowColor">
<td><a href="all_production_test/11_US888_Registration_Activate_Submit_Button_use_dialog_for_error_messages.html">US888_Registration_Activate_Submit_Button_use_dialog_for_error_messages</a></td><td><a name="IAM_Custom_Registration_Vendor_Starts_New_Registration_US652_Maintest"></a><a href="all_production_test/11_US888_Registration_Activate_Submit_Button_use_dialog_for_error_messages.html#IAM_Custom_Registration_Vendor_Starts_New_Registration_US652_Maintest">IAM_Custom_Registration_Vendor_Starts_New_Registration_US652_Maintest</a></td><td>Success</td><td></td><td>65.381</td>
</tr>
</table>
</body>
</html>
