<html xmlns:string="xalan://java.lang.String" xmlns:lxslt="http://xml.apache.org/xslt">
<head>
<META http-equiv="Content-Type" content="text/html; charset=UTF-8">
<title>Unit Test Results: All Errors</title>
<link rel="stylesheet" type="text/css" title="Style" href="stylesheet.css">
</head>
<body onload="open('allclasses-frame.html','classListFrame')">
<h1>Unit Test Results.</h1>
<table width="100%">
<tr>
<td align="left"></td><td align="right">Designed for use with <a href="http://www.junit.org/">JUnit</a> and <a href="http://ant.apache.org/">Ant</a>.</td>
</tr>
</table>
<hr size="1">
<h2>All Errors</h2>
<table class="details" border="0" cellpadding="5" cellspacing="2" width="95%">
<tr valign="top">
<th>Class</th><th>Name</th><th>Status</th><th width="80%">Type</th><th nowrap>Time(s)</th>
</tr>
<tr valign="top" class="Error">
<td><a href="regression_for_2_1_4_release/18_Regression_Test_Iteration11_A_B_C.html">Regression_Test_Iteration11_A_B_C</a></td><td><a name="Regression_Test_Iteration11_A_B_C_mymaintest"></a><a href="regression_for_2_1_4_release/18_Regression_Test_Iteration11_A_B_C.html#Regression_Test_Iteration11_A_B_C_mymaintest">Regression_Test_Iteration11_A_B_C_mymaintest</a></td><td>Error</td><td>Element is not clickable at point (566.2333374023438, 309.79998779296875). Other element would receive the click: &lt;label data-dte-e="label" class="DTE_Label" for="DTE_Field_country"&gt;&lt;/label&gt;
Command duration or timeout: 123 milliseconds
Build info: version: '2.53.0', revision: '35ae25b', time: '2016-03-15 16:57:40'
System info: host: 'Test-PC', ip: '10.1.10.141', os.name: 'Windows 7', os.arch: 'amd64', os.version: '6.1', java.version: '1.8.0_91'
Driver info: org.openqa.selenium.firefox.FirefoxDriver
Capabilities [{applicationCacheEnabled=true, rotatable=false, handlesAlerts=true, databaseEnabled=true, version=45.0.2, platform=WINDOWS, nativeEvents=false, acceptSslCerts=true, webStorageEnabled=true, locationContextEnabled=true, browserName=firefox, takesScreenshot=true, javascriptEnabled=true, cssSelectorsEnabled=true}]
Session ID: 9253c1b9-07ec-43f8-a93c-ee246a370a6d<br>
<br>
<code>org.openqa.selenium.WebDriverException: Element is not clickable at point (566.2333374023438, 309.79998779296875). Other element would recceive the click: &lt;label data-dte-e="label" class="DTE_Label" for="DTE_Field_country"&gt;&lt;/label&gt;<br>Command duration or timeout: 123 milliseconds<br>Build info: version: '2.53.0', revision: '35ae25b', time: '2016-03-15 16:57:40'<br>System info: host: 'Test-PC', ip: '10.1.10.141', os.name: 'Windows 7', os.arch: 'amd64', os.version: '6.1', java.version: '1.8.0_91'<br>Driver info: org.openqa.selenium.firefox.FirefoxDriver<br>Capabilities [{applicationCacheEnabled=true, rotatable=false, handlesAlerts=true, databaseEnabled=true, version=45.0.2, platform=WINDOWS, nativeEvents=false, acceptSslCerts=true, webStorageEnabled=true, locationContextEnabled=true,  browserName=firefox, takesScreenshot=true, javascriptEnabled=true, cssSelectorsEnabled=true}]<br>Session ID: 9253c1b9-07ec-43f8-a93c-ee246a370a6d<br>	at java.lang.reflect.Constructor.newInstance(Unknown Source)<br>	at org.openqa.selenium.remote.ErrorHandler.createThrowable(ErrorHandler.java:206)<br>	at org.openqa.selenium.remote.ErrorHandler.throwIfResponseFailed(ErrorHandler.java:158)<br>	at org.openqa.selenium.remote.RemoteWebDriver.execute(RemoteWebDriver.java:678)<br>	at org.openqa.selenium.remote.RemoteWebElement.execute(RemoteWebElement.java:3277)<br>	at org.openqa.selenium.remote.RemoteWebElement.click(RemoteWebElement.java:85)<br>	at regression_for_2_1_4_release.Regression_Test_Iteration11_A_B_C.Regression__Test_Iteration11_A_B_C_mymaintest(Regression_Test_Iteration11_A_B_C.java:278)<br>
</code></td><td>118.502</td>
</tr>
<tr valign="top" class="Error">
<td><a href="regression_for_2_1_4_release/24_US788_Collapse_Navigation_Pane_LLC_WOSB.html">US788_Collapse_Navigation_Pane_LLC_WOSB</a></td><td><a name="testSmokeLogin"></a><a href="regression_for_2_1_4_release/24_US788_Collapse_Navigation_Pane_LLC_WOSB.html#testSmokeLogin">testSmokeLogin</a></td><td>Error</td><td>Element is not currently visible and so may not be interacted with
Command duration or timeout: 12 milliseconds
Build info: version: '2.53.0', revision: '35ae25b', time: '2016-03-15 16:57:40'
System info: host: 'Test-PC', ip: '10.1.10.141', os.name: 'Windows 7', os.arch: 'amd64', os.version: '6.1', java.version: '1.8.0_91'
Driver info: org.openqa.selenium.firefox.FirefoxDriver
Capabilities [{applicationCacheEnabled=true, rotatable=false, handlesAlerts=true, databaseEnabled=true, version=45.0.2, platform=WINDOWS, nativeEvents=false, acceptSslCerts=true, webStorageEnabled=true, locationContextEnabled=true, browserName=firefox, takesScreenshot=true, javascriptEnabled=true, cssSelectorsEnabled=true}]
Session ID: c966bde7-d570-40ad-a4b5-53f803a0478f<br>
<br>
<code>org.openqa.selenium.ElementNotVisibleException: Element is not currently visible and so may not be interacted with<br>Command duration or timeout: 12 milliseconds<br>Build info: version: '2.53.0', revision: '35ae25b', time: '2016-03-15 16:57:40'<br>System info: host: 'Test-PC', ip: '10.1.10.141', os.name: 'Windows 7', os.arch: 'amd64', os.version: '6.1', java.version: '1.8.0_91'<br>Driver info: org.openqa.selenium.firefox.FirefoxDriver<br>Capabilities [{applicationCacheEnabled=true, rotatable=false, handlesAlerts=true, databaseEnabled=true, version=45.0.2, platform=WINDOWS, nativeEvents=false, acceptSslCerts=true, webStorageEnabled=true, locationContextEnabled=true, browserName=firefox, takesScreenshot=true, javascriptEnabled=true, cssSelectorsEnabled=true}]<br>Session ID: c966bdde7-d570-40ad-a4b5-53f803a0478f<br>	at java.lang.reflect.Constructor.newInstance(Unknown Source)<br>	at org.openqa.selenium.remote.ErrorHandler.createThrowable(ErrorHandler.java:206)<br>	at org.openqa.selenium.remote.ErrorHandler.throwIfResponseFailed(ErrorHandler.java:158)<br>	at org.openqa.selenium.remote.RemoteWebDriver.execute(RemoteWebDriver.java:678)<br>	at org.openqa.selenium.remote.RemoteWebElement.execute(RemoteWebElement.java:327)<br>	at org.openqa.selenium.remote.RemoteWebElement.click(RemoteWebElement.java:85)<br>	at regression_for_2_1_4_release.US788_Collapse_Navigation_Pane_LLC_WOSB.testSmokeLogin(US788_Collapse_Navigation_Pane_LLC_WOSB.java:107)<br>Caused by: org.openqa.selenium.ElementNotVisibleException: Element is not currently visible and so may not be interacted with<br>Build info: version: '2.53.0', revision: '35ae25b', time: '2016-03-15 16:57:40'<br>System info: host: 'Test-PC', ip: '10.1.10.1441', os.name: 'Windows 7', os.arch: 'amd64', os.version: '6.1', java.version: '1.8.0_91'<br>Driver info: driver.vversion: unknown<br>	at &lt;anonymous class&gt;.fxdriver.preconditions.visible(file:///C:/Users/DERECN~1/AppData/Local/Temp/annonymous1982350797096860882webdriver-profile/extensions/fxdriver@googlecode.com/components/command-processor.js:10092)<br>	at &lt;anonymous class&gt;.DelayedCommand.prototype.checkPreconditions_(file:///C:/Users/DERECN~1/AppData/Local/Temp/anonymous1982350797096860882webdriver-profile/extensions/fxdriver@googlecode.com/components/command-processor.jjs:12644)<br>	at &lt;anonymous class&gt;.DelayedCommand.prototype.executeInternal_/h(file:///C:/Users/DERECN~1/AppData/Local/Temp/anonymous1982350797096860882webdriver-profile/extensions/fxdriver@googlecode.com/components/command-processor.js:12661))<br>	at &lt;anonymous class&gt;.DelayedCommand.prototype.executeInternal_(file:///C:/Users/DERECN~1/AppData/Local/Temp/aanonymous1982350797096860882webdriver-profile/extensions/fxdriver@googlecode.com/components/command-processor.js:12666)<br>	at &lt;anonymous class&gt;.DelayedCommand.prototype.execute/&lt;(file:///C:/Users/DERECN~1/AppData/Local/Temp/anonymouss1982350797096860882webdriver-profile/extensions/fxdriver@googlecode.com/components/command-processor.js:12608)<br>
</code></td><td>25.059</td>
</tr>
</table>
</body>
</html>
