<html xmlns:string="xalan://java.lang.String" xmlns:lxslt="http://xml.apache.org/xslt">
<head>
<META http-equiv="Content-Type" content="text/html; charset=UTF-8">
<title>Unit Test Results: All Tests</title>
<link rel="stylesheet" type="text/css" title="Style" href="stylesheet.css">
</head>
<body onload="open('allclasses-frame.html','classListFrame')">
<h1>Unit Test Results.</h1>
<table width="100%">
<tr>
<td align="left"></td><td align="right">Designed for use with <a href="http://www.junit.org/">JUnit</a> and <a href="http://ant.apache.org/">Ant</a>.</td>
</tr>
</table>
<hr size="1">
<h2>All Tests</h2>
<table class="details" border="0" cellpadding="5" cellspacing="2" width="95%">
<tr valign="top">
<th>Class</th><th>Name</th><th>Status</th><th width="80%">Type</th><th nowrap>Time(s)</th>
</tr>
<tr valign="top" class="TableRowColor">
<td><a href="regression_for_2_1_4_release/0_Am_I_Eligible_Csenario2_Regression.html">Am_I_Eligible_Csenario2_Regression</a></td><td><a name="AM_I_Eligible_maintest"></a><a href="regression_for_2_1_4_release/0_Am_I_Eligible_Csenario2_Regression.html#AM_I_Eligible_maintest">AM_I_Eligible_maintest</a></td><td>Success</td><td></td><td>50.657</td>
</tr>
<tr valign="top" class="TableRowColor">
<td><a href="regression_for_2_1_4_release/1_Am_I_Eligible_Scenario10_Regression.html">Am_I_Eligible_Scenario10_Regression</a></td><td><a name="AM_I_Eligible_maintest"></a><a href="regression_for_2_1_4_release/1_Am_I_Eligible_Scenario10_Regression.html#AM_I_Eligible_maintest">AM_I_Eligible_maintest</a></td><td>Success</td><td></td><td>35.934</td>
</tr>
<tr valign="top" class="TableRowColor">
<td><a href="regression_for_2_1_4_release/2_Am_I_Eligible_Scenario11_Regression.html">Am_I_Eligible_Scenario11_Regression</a></td><td><a name="AM_I_Eligible_maintest"></a><a href="regression_for_2_1_4_release/2_Am_I_Eligible_Scenario11_Regression.html#AM_I_Eligible_maintest">AM_I_Eligible_maintest</a></td><td>Success</td><td></td><td>26.902</td>
</tr>
<tr valign="top" class="TableRowColor">
<td><a href="regression_for_2_1_4_release/3_Am_I_Eligible_Scenario3_Regression.html">Am_I_Eligible_Scenario3_Regression</a></td><td><a name="AM_I_Eligible_maintest"></a><a href="regression_for_2_1_4_release/3_Am_I_Eligible_Scenario3_Regression.html#AM_I_Eligible_maintest">AM_I_Eligible_maintest</a></td><td>Success</td><td></td><td>48.303</td>
</tr>
<tr valign="top" class="TableRowColor">
<td><a href="regression_for_2_1_4_release/4_Am_I_Eligible_Scenario4_Regression.html">Am_I_Eligible_Scenario4_Regression</a></td><td><a name="AM_I_Eligible_maintest"></a><a href="regression_for_2_1_4_release/4_Am_I_Eligible_Scenario4_Regression.html#AM_I_Eligible_maintest">AM_I_Eligible_maintest</a></td><td>Success</td><td></td><td>51.121</td>
</tr>
<tr valign="top" class="TableRowColor">
<td><a href="regression_for_2_1_4_release/5_Am_I_Eligible_Scenario5_Regression.html">Am_I_Eligible_Scenario5_Regression</a></td><td><a name="AM_I_Eligible_maintest"></a><a href="regression_for_2_1_4_release/5_Am_I_Eligible_Scenario5_Regression.html#AM_I_Eligible_maintest">AM_I_Eligible_maintest</a></td><td>Success</td><td></td><td>50.076</td>
</tr>
<tr valign="top" class="TableRowColor">
<td><a href="regression_for_2_1_4_release/6_Am_I_Eligible_Scenario6_Regression.html">Am_I_Eligible_Scenario6_Regression</a></td><td><a name="AM_I_Eligible_maintest"></a><a href="regression_for_2_1_4_release/6_Am_I_Eligible_Scenario6_Regression.html#AM_I_Eligible_maintest">AM_I_Eligible_maintest</a></td><td>Success</td><td></td><td>35.931</td>
</tr>
<tr valign="top" class="TableRowColor">
<td><a href="regression_for_2_1_4_release/7_Am_I_Eligible_Scenario7_Regression.html">Am_I_Eligible_Scenario7_Regression</a></td><td><a name="AM_I_Eligible_maintest"></a><a href="regression_for_2_1_4_release/7_Am_I_Eligible_Scenario7_Regression.html#AM_I_Eligible_maintest">AM_I_Eligible_maintest</a></td><td>Success</td><td></td><td>26.873</td>
</tr>
<tr valign="top" class="TableRowColor">
<td><a href="regression_for_2_1_4_release/8_Am_I_Eligible_TC1_Scenario8_WOSB_Regression_Success.html">Am_I_Eligible_TC1_Scenario8_WOSB_Regression_Success</a></td><td><a name="AM_I_Eligible_maintest"></a><a href="regression_for_2_1_4_release/8_Am_I_Eligible_TC1_Scenario8_WOSB_Regression_Success.html#AM_I_Eligible_maintest">AM_I_Eligible_maintest</a></td><td>Success</td><td></td><td>26.809</td>
</tr>
<tr valign="top" class="TableRowColor">
<td><a href="regression_for_2_1_4_release/9_Am_I_Eligibles_Scenario_1_Possitive_Regression.html">Am_I_Eligibles_Scenario_1_Possitive_Regression</a></td><td><a name="AM_I_Eligible_maintest"></a><a href="regression_for_2_1_4_release/9_Am_I_Eligibles_Scenario_1_Possitive_Regression.html#AM_I_Eligible_maintest">AM_I_Eligible_maintest</a></td><td>Success</td><td></td><td>50.591</td>
</tr>
<tr valign="top" class="TableRowColor">
<td><a href="regression_for_2_1_4_release/10_Analyst_search_View_vendors_Record_Regression.html">Analyst_search_View_vendors_Record_Regression</a></td><td><a name="Analyst_search_View_vendors_Record_Regression_Maintest"></a><a href="regression_for_2_1_4_release/10_Analyst_search_View_vendors_Record_Regression.html#Analyst_search_View_vendors_Record_Regression_Maintest">Analyst_search_View_vendors_Record_Regression_Maintest</a></td><td>Success</td><td></td><td>44.683</td>
</tr>
<tr valign="top" class="TableRowColor">
<td><a href="regression_for_2_1_4_release/11_EDWASB_Prepare_for_Self_Certification_Regression.html">EDWASB_Prepare_for_Self_Certification_Regression</a></td><td><a name="WOSB_Prepare_for_Self_Certification_Main_test"></a><a href="regression_for_2_1_4_release/11_EDWASB_Prepare_for_Self_Certification_Regression.html#WOSB_Prepare_for_Self_Certification_Main_test">WOSB_Prepare_for_Self_Certification_Main_test</a></td><td>Success</td><td></td><td>15.776</td>
</tr>
<tr valign="top" class="TableRowColor">
<td><a href="regression_for_2_1_4_release/12_EDWOSB_Other_Real_State_US649_FM_Regression.html">EDWOSB_Other_Real_State_US649_FM_Regression</a></td><td><a name="EDWOSB_Real_State_Other_MainTest"></a><a href="regression_for_2_1_4_release/12_EDWOSB_Other_Real_State_US649_FM_Regression.html#EDWOSB_Real_State_Other_MainTest">EDWOSB_Real_State_Other_MainTest</a></td><td>Success</td><td></td><td>210.725</td>
</tr>
<tr valign="top" class="TableRowColor">
<td><a href="regression_for_2_1_4_release/13_EDWOSB_Self_Certifiesand_the_Life_Insurance_Section_US620.html">EDWOSB_Self_Certifiesand_the_Life_Insurance_Section_US620</a></td><td><a name="EDWOSB_Self_Certifiesand_the_Life_Insurance_MainTest"></a><a href="regression_for_2_1_4_release/13_EDWOSB_Self_Certifiesand_the_Life_Insurance_Section_US620.html#EDWOSB_Self_Certifiesand_the_Life_Insurance_MainTest">EDWOSB_Self_Certifiesand_the_Life_Insurance_MainTest</a></td><td>Success</td><td></td><td>217.086</td>
</tr>
<tr valign="top" class="TableRowColor">
<td><a href="regression_for_2_1_4_release/14_Edith_Password2_Regression_Test.html">Edith_Password2_Regression_Test</a></td><td><a name="Edith_Password2_Regression_Test_Maintest"></a><a href="regression_for_2_1_4_release/14_Edith_Password2_Regression_Test.html#Edith_Password2_Regression_Test_Maintest">Edith_Password2_Regression_Test_Maintest</a></td><td>Success</td><td></td><td>59.087</td>
</tr>
<tr valign="top" class="TableRowColor">
<td><a href="regression_for_2_1_4_release/15_Edith_Password_Regression_Test.html">Edith_Password_Regression_Test</a></td><td><a name="Edith_Password_Regression_Test_Maintest"></a><a href="regression_for_2_1_4_release/15_Edith_Password_Regression_Test.html#Edith_Password_Regression_Test_Maintest">Edith_Password_Regression_Test_Maintest</a></td><td>Success</td><td></td><td>50.072</td>
</tr>
<tr valign="top" class="TableRowColor">
<td><a href="regression_for_2_1_4_release/16_Eight_A_Self_Certify_Answer_Question_and_Attached_Documents_US438_Regression.html">Eight_A_Self_Certify_Answer_Question_and_Attached_Documents_US438_Regression</a></td><td><a name="EDWOSB_Self_Certify_Answer_Question_and_Attached_Documents_Maintest"></a><a href="regression_for_2_1_4_release/16_Eight_A_Self_Certify_Answer_Question_and_Attached_Documents_US438_Regression.html#EDWOSB_Self_Certify_Answer_Question_and_Attached_Documents_Maintest">EDWOSB_Self_Certify_Answer_Question_and_Attached_Documents_Maintest</a></td><td>Success</td><td></td><td>68.502</td>
</tr>
<tr valign="top" class="TableRowColor">
<td><a href="regression_for_2_1_4_release/17_Login_Regression_Test_setup.html">Login_Regression_Test_setup</a></td><td><a name="Login_Regression_Test_mymaintest"></a><a href="regression_for_2_1_4_release/17_Login_Regression_Test_setup.html#Login_Regression_Test_mymaintest">Login_Regression_Test_mymaintest</a></td><td>Success</td><td></td><td>75.837</td>
</tr>
<tr valign="top" class="Error">
<td><a href="regression_for_2_1_4_release/18_Regression_Test_Iteration11_A_B_C.html">Regression_Test_Iteration11_A_B_C</a></td><td><a name="Regression_Test_Iteration11_A_B_C_mymaintest"></a><a href="regression_for_2_1_4_release/18_Regression_Test_Iteration11_A_B_C.html#Regression_Test_Iteration11_A_B_C_mymaintest">Regression_Test_Iteration11_A_B_C_mymaintest</a></td><td>Error</td><td>Unable to locate element: {"method":"xpath","selector":".//*[@id='answers_99_value_new_button']"}
Command duration or timeout: 1.83 seconds
For documentation on this error, please visit: http://seleniumhq.org/exceptions/no_such_element.html
Build info: version: '2.53.0', revision: '35ae25b', time: '2016-03-15 16:57:40'
System info: host: 'Test-PC', ip: '10.1.10.141', os.name: 'Windows 7', os.arch: 'amd64', os.version: '6.1', java.version: '1.8.0_77'
Driver info: org.openqa.selenium.firefox.FirefoxDriver
Capabilities [{applicationCacheEnabled=true, rotatable=false, handlesAlerts=true, databaseEnabled=true, version=45.0.2, platform=WINDOWS, nativeEvents=false, acceptSslCerts=true, webStorageEnabled=true, locationContextEnabled=true, browserName=firefox, takesScreenshot=true, javascriptEnabled=true, cssSelectorsEnabled=true}]
Session ID: f047875a-400d-491a-8252-7de1b1a3fac3
*** Element info: {Using=xpath, value=.//*[@id='answers_99_value_new_button']}<br>
<br>
<code>org.openqa.selenium.NoSuchElementException: Unable to locate element: {{"method":"xpath","selector":".//*[@id='answers_99_value_new_button']"}<br>
<br>Command duration or timeout: 1.83 seconds<br>For documentation on this error, please visit: http://seleniumhq.org/exceptions/no_such_element.html<br>Build info: version: '2.53.0', revision: '35ae25b', time: '2016-03-15 16:57:40'<br>System info: host: 'Test-PC', ip: '10.1.10.141', os.name: 'Windows 7', os.arch: 'amd64', os.version: '6.1', java.version: '1.8.0_77'<br>Driver info: org.openqa.selenium.firefox.FirefoxDriver<br>Capabilities [{applicationCacheEnabled=true, rotatable=false, handlesAlerts=true, databaseEnabled=true, version=45.0.2, platform=WINDOWS, nativeEvents=false, acceptSslCerts=true, webStorageEnabled=true, locationContextEnabled=true, browserName=firefox, takesScreenshot=true, javascriptEnabled=true, cssSelectorsEnabled=true}]<br>Session ID: f047875a-400d-491a-8252-7de1b1a3fac3<br>*** Element info: {Using=xpath, value=.//*[@id='answers_99_value_new_buttton']}<br>	at java.lang.reflect.Constructor.newInstance(Constructor.java:423)<br>	at org.openqa.selenium.remote.ErrorHandler.createThrowable(ErrorHandler.java:206)<br>	at org.opennqa.selenium.remote.ErrorHandler.throwIfResponseFailed(ErrorHandler.java:158)<br>	at org.openqa.selenium.remote.RemoteWebDriver.execute(RemoteWebDriver.java:678)<br>	at org.openqa.selenium.remote.RemoteWebDriver.findElement(RemoteWebDriver.java:363)<br>	at org.openqa.selenium.remote.RemoteWebDriver.findElementByXPath(RemoteWebDriver.java:500)<br>	at org.openqa.selenium.By$ByXPath.findElement(By.java:361)<br>	at org.openqa.selenium.remote.RemoteWebDrivver.findElement(RemoteWebDriver.java:355)<br>	at regression_for_2_1_4_release.Regression_Test_Iteration11_A_B_C.Regression_Test_Iteration11_A_B_C_mymaintest(Regression_Test_Iteration11_A_B_C.java:649)<br>Caused by: org.openqa.selenium.NoSuchElementException: Unable to locate element: {"method":"xpath","selector":".//*[@id='answerrs_99_value_new_button']"}<br>For documentation on this error, please visit: http://seleniumhq.org/exceptions/no_such_element.htmml<br>Build info: version: '2.53.0', revision: '35ae25b', time: '2016-03-15 16:57:40'<br>System info: host: 'Test-PC', ip: '10.1.10.1441', os.name: 'Windows 7', os.arch: 'amd64', os.version: '6.1', java.version: '1.8.0_77'<br>Driver infoo: driver.version: unknown<br>	at &lt;anonymous class&gt;.FirefoxDriver.prototype.findElementInternal_(file:///C:/Users/DERECN~1/AppData/Local/Temp/anonymous6678671237650272432webdriver-profile/extensions/fxdriver@googlecode.com/components/driver-component.js:100770)<br>	at &lt;anonymous class&gt;.FirefoxDriver.prototype.findElement(file:///C:/Users/DERECN~1/AppData/Local/Temp/anonymous6678671237650272432webdriver-profile/extensions/fxdriver@googlecode.com/components/driver-component.js:10779)<br>	at &lt;anonymous class&gt;.DelayedCommand.prototype.executeInternal_/h(file:///C:/Users/DERECN~1/AppData/Local/Temp/anonymous6678671237650272432webdriver-profile/extensions/fxdriver@googlecode.com/components/command-processor.js:12661))<br>	at &lt;anonymous class&gt;.DelayedCommand.prototype.executeInternal_(file:///C:/Users/DERECN~1/AppData/Local/Temp/aanonymous6678671237650272432webdriver-profile/extensions/fxdriver@googlecode.com/components/command-processor.js:12666)<br>	at &lt;anonymous class&gt;.DelayedCommand.prototype.execute/&lt;(file:///C:/Users/DERECN~1/AppData/Local/Temp/anonymouss6678671237650272432webdriver-profile/extensions/fxdriver@googlecode.com/components/command-processor.js:12608)<br>
</code></td><td>248.895</td>
</tr>
<tr valign="top" class="TableRowColor">
<td><a href="regression_for_2_1_4_release/19_Rgression_Test_for_Iteration_10_11.html">Rgression_Test_for_Iteration_10_11</a></td><td><a name="US709_WOSB_Self_Certifies_EDWOSB_and_8_a_Users_reviews_Privacy_Statement_413_mymaintest"></a><a href="regression_for_2_1_4_release/19_Rgression_Test_for_Iteration_10_11.html#US709_WOSB_Self_Certifies_EDWOSB_and_8_a_Users_reviews_Privacy_Statement_413_mymaintest">US709_WOSB_Self_Certifies_EDWOSB_and_8_a_Users_reviews_Privacy_Statement_413_mymaintest</a></td><td>Success</td><td></td><td>406.047</td>
</tr>
<tr valign="top" class="TableRowColor">
<td><a href="regression_for_2_1_4_release/20_US402_EDWOSB_Self_Certifies_Questionnaire_Regression.html">US402_EDWOSB_Self_Certifies_Questionnaire_Regression</a></td><td><a name="EDWOSB_Self_Certifies_Questionnaire_Maintest"></a><a href="regression_for_2_1_4_release/20_US402_EDWOSB_Self_Certifies_Questionnaire_Regression.html#EDWOSB_Self_Certifies_Questionnaire_Maintest">EDWOSB_Self_Certifies_Questionnaire_Maintest</a></td><td>Success</td><td></td><td>116.200</td>
</tr>
<tr valign="top" class="TableRowColor">
<td><a href="regression_for_2_1_4_release/21_US633_EDWOSB_No_Self_CertifiesApplicant_RealEstate_Primary_Residence_FM_Regression.html">US633_EDWOSB_No_Self_CertifiesApplicant_RealEstate_Primary_Residence_FM_Regression</a></td><td><a name="EDWOSB_No_Self_CertifiesApplicant_RealEstate_Primary_Residence_MainTest"></a><a href="regression_for_2_1_4_release/21_US633_EDWOSB_No_Self_CertifiesApplicant_RealEstate_Primary_Residence_FM_Regression.html#EDWOSB_No_Self_CertifiesApplicant_RealEstate_Primary_Residence_MainTest">EDWOSB_No_Self_CertifiesApplicant_RealEstate_Primary_Residence_MainTest</a></td><td>Success</td><td></td><td>230.052</td>
</tr>
<tr valign="top" class="TableRowColor">
<td><a href="regression_for_2_1_4_release/22_US752_IAM_Configure_SBA_Analyst_Roles_Regression.html">US752_IAM_Configure_SBA_Analyst_Roles_Regression</a></td><td><a name="IAM_Configure_SBA_Analyst_Roles_MainTest"></a><a href="regression_for_2_1_4_release/22_US752_IAM_Configure_SBA_Analyst_Roles_Regression.html#IAM_Configure_SBA_Analyst_Roles_MainTest">IAM_Configure_SBA_Analyst_Roles_MainTest</a></td><td>Success</td><td></td><td>87.542</td>
</tr>
<tr valign="top" class="TableRowColor">
<td><a href="regression_for_2_1_4_release/23_US788_Collapse_Navigation_Pane_Corp_EDWOSB.html">US788_Collapse_Navigation_Pane_Corp_EDWOSB</a></td><td><a name="testSmokeLogin"></a><a href="regression_for_2_1_4_release/23_US788_Collapse_Navigation_Pane_Corp_EDWOSB.html#testSmokeLogin">testSmokeLogin</a></td><td>Success</td><td></td><td>299.744</td>
</tr>
<tr valign="top" class="Error">
<td><a href="regression_for_2_1_4_release/24_US788_Collapse_Navigation_Pane_LLC_WOSB.html">US788_Collapse_Navigation_Pane_LLC_WOSB</a></td><td><a name="testSmokeLogin"></a><a href="regression_for_2_1_4_release/24_US788_Collapse_Navigation_Pane_LLC_WOSB.html#testSmokeLogin">testSmokeLogin</a></td><td>Error</td><td>Element is not currently visible and so may not be interacted with
Command duration or timeout: 11 milliseconds
Build info: version: '2.53.0', revision: '35ae25b', time: '2016-03-15 16:57:40'
System info: host: 'Test-PC', ip: '10.1.10.141', os.name: 'Windows 7', os.arch: 'amd64', os.version: '6.1', java.version: '1.8.0_77'
Driver info: org.openqa.selenium.firefox.FirefoxDriver
Capabilities [{applicationCacheEnabled=true, rotatable=false, handlesAlerts=true, databaseEnabled=true, version=45.0.2, platform=WINDOWS, nativeEvents=false, acceptSslCerts=true, webStorageEnabled=true, locationContextEnabled=true, browserName=firefox, takesScreenshot=true, javascriptEnabled=true, cssSelectorsEnabled=true}]
Session ID: 5a7f55a8-dae6-4d3b-8cf7-6bdb90ae4f56<br>
<br>
<code>org.openqa.selenium.ElementNotVisibleException: Element is not currently visible and so may not be interacted with<br>Command duration or timeout: 11 milliseconds<br>Build info: version: '2.53.0', revision: '35ae25b', time: '2016-03-15 16:57:40'<br>System info: host: 'Test-PC', ip: '10.1.10.141', os.name: 'Windows 7', os.arch: 'amd64', os.version: '6.1', java.version: '1.8.0_77'<br>Driver info: org.openqa.selenium.firefox.FirefoxDriver<br>Capabilities [{applicationCacheEnabled=true, rotatable=false, handlesAlerts=true, databaseEnabled=true, version=45.0.2, platform=WINDOWS, nativeEvents=false, acceptSslCerts=true, webStorageEnabled=true, locationContextEnabled=true, browserName=firefox, takesScreenshot=true, javascriptEnabled=true, cssSelectorsEnabled=true}]<br>Session ID: 5a7f55a8--dae6-4d3b-8cf7-6bdb90ae4f56<br>	at java.lang.reflect.Constructor.newInstance(Constructor.java:423)<br>	at org.openqa.selenium.remote.ErrorHandler.createThrowable(ErrorHandler.java:206)<br>	at org.openqa.selenium.remote.ErrorHandler.throwIfResponseFailed(ErrorHandler.java:158)<br>	at org.openqa.selenium.remote.RemoteWebDriver.execute(RemoteWebDriver.java:678)<br>	at org.openqa.selenium.remote.RemoteWebElement.execute(RemoteWebElement.java:327)<br>	at org.openqa.selenium.remote.RemoteWebElement.click(RemoteWebElement.java:85)<br>	at regression_for_2_1_4_release.US788_Collapse_Navigation_Pane_LLC_WOSB.testSmokeLogin(US788_Collapse_Navigation_Pane_LLC_WOSB.java:107)<br>Caused by: org.openqa.selenium.ElementNotVisibleException: Element is not currently visible and so may not be interacted with<br>Build info: version: '2.53.0', revision: '35ae25b', time: '2016-03-15 16:57:40'<br>System info: host: 'Test-PC', ip: '10.1.10.1441', os.name: 'Windows 7', os.arch: 'amd64', os.version: '6.1', java.version: '1.8.0_77'<br>Driver info: driver.vversion: unknown<br>	at &lt;anonymous class&gt;.fxdriver.preconditions.visible(file:///C:/Users/DERECN~1/AppData/Local/Temp/annonymous7962457664385398998webdriver-profile/extensions/fxdriver@googlecode.com/components/command-processor.js:10092)<br>	at &lt;anonymous class&gt;.DelayedCommand.prototype.checkPreconditions_(file:///C:/Users/DERECN~1/AppData/Local/Temp/anonymous7962457664385398998webdriver-profile/extensions/fxdriver@googlecode.com/components/command-processor.jjs:12644)<br>	at &lt;anonymous class&gt;.DelayedCommand.prototype.executeInternal_/h(file:///C:/Users/DERECN~1/AppData/Local/Temp/anonymous7962457664385398998webdriver-profile/extensions/fxdriver@googlecode.com/components/command-processor.js:12661))<br>	at &lt;anonymous class&gt;.DelayedCommand.prototype.executeInternal_(file:///C:/Users/DERECN~1/AppData/Local/Temp/aanonymous7962457664385398998webdriver-profile/extensions/fxdriver@googlecode.com/components/command-processor.js:12666)<br>	at &lt;anonymous class&gt;.DelayedCommand.prototype.execute/&lt;(file:///C:/Users/DERECN~1/AppData/Local/Temp/anonymouss7962457664385398998webdriver-profile/extensions/fxdriver@googlecode.com/components/command-processor.js:12608)<br>
</code></td><td>26.190</td>
</tr>
<tr valign="top" class="Error">
<td><a href="regression_for_2_1_4_release/25_US799_New_landing_dashboard_and_login_page_styles_Regression.html">US799_New_landing_dashboard_and_login_page_styles_Regression</a></td><td><a name="US799_New_landing_dashboard_and_login_page_styles_MainTest"></a><a href="regression_for_2_1_4_release/25_US799_New_landing_dashboard_and_login_page_styles_Regression.html#US799_New_landing_dashboard_and_login_page_styles_MainTest">US799_New_landing_dashboard_and_login_page_styles_MainTest</a></td><td>Error</td><td>Element is not clickable at point (652.5999755859375, 354.70001220703125). Other element would receive the click: &lt;div class="modal-inner modal-alert"&gt;&lt;/div&gt;
Command duration or timeout: 69 milliseconds
Build info: version: '2.53.0', revision: '35ae25b', time: '2016-03-15 16:57:40'
System info: host: 'Test-PC', ip: '10.1.10.141', os.name: 'Windows 7', os.arch: 'amd64', os.version: '6.1', java.version: '1.8.0_77'
Driver info: org.openqa.selenium.firefox.FirefoxDriver
Capabilities [{applicationCacheEnabled=true, rotatable=false, handlesAlerts=true, databaseEnabled=true, version=45.0.2, platform=WINDOWS, nativeEvents=false, acceptSslCerts=true, webStorageEnabled=true, locationContextEnabled=true, browserName=firefox, takesScreenshot=true, javascriptEnabled=true, cssSelectorsEnabled=true}]
Session ID: 8e4b90f4-3aa6-41a4-a979-76aa6bcad257<br>
<br>
<code>org.openqa.selenium.WebDriverException: Element is not clickable at point (652.5999755859375, 354.70001220703125). Other  element would receive the click: &lt;div class="modal-inner modal-alert"&gt;&lt;/div&gt;<br>Command duration or timeout: 69 milliseconds<br>Build info: version: '2.53.0', revision: '35ae25b', time: '2016-03-15 16:57:40'<br>System info: host: 'Test-PC', ip: '10.1.10.141', os.name: 'Windows 7', os.arch: 'amd64', os.version: '6.1', java.version: '1.8.0_77'<br>Driver info: org.openqa.selenium.firefox.FirefoxDriver<br>Capabilities [{applicationCacheEnabled=true, rotatable=false, handlesAlerts=true, databaseEnabled=true, version=45.0.2, platform=WINDOWS, nativeEvents=false, acceptSslCerts=true, webStorageEnabled=true, locationContextEnabled=true, browserName=firefox, takesScreenshot=true, javascriptEEnabled=true, cssSelectorsEnabled=true}]<br>Session ID: 8e4b90f4-3aa6-41a4-a979-76aa6bcad257<br>	at java.lang.reflect.Constructor.newInstance(Constructor.java:423)<br>	at org.openqa.selenium.remote.ErrorHandler.createThrowable(ErrorHandler.java:206)<br>	at org.openqa.selenium.reemote.ErrorHandler.throwIfResponseFailed(ErrorHandler.java:158)<br>	at org.openqa.selenium.remote.RemoteWebDriver.execute(RemoteWebDriver.java:678)<br>	at org.openqa.selenium.remote.RemoteWebElement.execute(RemoteWebElement.java:327)<br>	at org.openqa.selenium.remote.RemoteWebElement.click(RemoteWebElement.java:85)<br>	at regression_for_2_1_4_release.US799_New_landing_dashboard_and_login_ppage_styles_Regression.US799_New_landing_dashboard_and_login_page_styles_MainTest(US799_New_landing_dashboard_and_login_page_styles_Regression.java:283)<br>
</code></td><td>91.455</td>
</tr>
<tr valign="top" class="TableRowColor">
<td><a href="regression_for_2_1_4_release/26_US855_Improve_Text_Work_In_Progress_From_All_pages.html">US855_Improve_Text_Work_In_Progress_From_All_pages</a></td><td><a name="US855_Improve_Text_Work_In_Progress_From_All_pages_MainTest"></a><a href="regression_for_2_1_4_release/26_US855_Improve_Text_Work_In_Progress_From_All_pages.html#US855_Improve_Text_Work_In_Progress_From_All_pages_MainTest">US855_Improve_Text_Work_In_Progress_From_All_pages_MainTest</a></td><td>Success</td><td></td><td>96.121</td>
</tr>
<tr valign="top" class="TableRowColor">
<td><a href="regression_for_2_1_4_release/27_US859_Vendor_Admin_User_Profile.html">US859_Vendor_Admin_User_Profile</a></td><td><a name="testSmokeLogin"></a><a href="regression_for_2_1_4_release/27_US859_Vendor_Admin_User_Profile.html#testSmokeLogin">testSmokeLogin</a></td><td>Success</td><td></td><td>40.454</td>
</tr>
<tr valign="top" class="TableRowColor">
<td><a href="regression_for_2_1_4_release/28_US861_SBA_Analyst_View_More_Info_About_Vendor_Regression.html">US861_SBA_Analyst_View_More_Info_About_Vendor_Regression</a></td><td><a name="US861_SBA_Analyst_View_More_Info_About_Vendor_MainTest"></a><a href="regression_for_2_1_4_release/28_US861_SBA_Analyst_View_More_Info_About_Vendor_Regression.html#US861_SBA_Analyst_View_More_Info_About_Vendor_MainTest">US861_SBA_Analyst_View_More_Info_About_Vendor_MainTest</a></td><td>Success</td><td></td><td>73.161</td>
</tr>
<tr valign="top" class="TableRowColor">
<td><a href="regression_for_2_1_4_release/29_US862_SBA_Analyst_Cloning_Sends_Certification_Back_to_Vendor.html">US862_SBA_Analyst_Cloning_Sends_Certification_Back_to_Vendor</a></td><td><a name="US862_SBA_Analyst_Cloning_Sends_Certification_Back_to_Vendor_Maintest"></a><a href="regression_for_2_1_4_release/29_US862_SBA_Analyst_Cloning_Sends_Certification_Back_to_Vendor.html#US862_SBA_Analyst_Cloning_Sends_Certification_Back_to_Vendor_Maintest">US862_SBA_Analyst_Cloning_Sends_Certification_Back_to_Vendor_Maintest</a></td><td>Success</td><td></td><td>21.719</td>
</tr>
<tr valign="top" class="TableRowColor">
<td><a href="regression_for_2_1_4_release/30_US880_User_Support_Passphrase_visible_when_creating_account_or_resetting_my_passphrase.html">US880_User_Support_Passphrase_visible_when_creating_account_or_resetting_my_passphrase</a></td><td><a name="US880_User_Support_Passphrase_visible_when_creating_account_or_resetting_my_passphrase_Maintest"></a><a href="regression_for_2_1_4_release/30_US880_User_Support_Passphrase_visible_when_creating_account_or_resetting_my_passphrase.html#US880_User_Support_Passphrase_visible_when_creating_account_or_resetting_my_passphrase_Maintest">US880_User_Support_Passphrase_visible_when_creating_account_or_resetting_my_passphrase_Maintest</a></td><td>Success</td><td></td><td>63.342</td>
</tr>
<tr valign="top" class="TableRowColor">
<td><a href="regression_for_2_1_4_release/31_US888_Registration_Activate_Submit_Button_use_dialog_for_error_messages.html">US888_Registration_Activate_Submit_Button_use_dialog_for_error_messages</a></td><td><a name="IAM_Custom_Registration_Vendor_Starts_New_Registration_US652_Maintest"></a><a href="regression_for_2_1_4_release/31_US888_Registration_Activate_Submit_Button_use_dialog_for_error_messages.html#IAM_Custom_Registration_Vendor_Starts_New_Registration_US652_Maintest">IAM_Custom_Registration_Vendor_Starts_New_Registration_US652_Maintest</a></td><td>Success</td><td></td><td>64.683</td>
</tr>
</table>
</body>
</html>
