<html xmlns:string="xalan://java.lang.String" xmlns:lxslt="http://xml.apache.org/xslt">
<head>
<META http-equiv="Content-Type" content="text/html; charset=UTF-8">
<title>Unit Test Results: All Errors</title>
<link rel="stylesheet" type="text/css" title="Style" href="stylesheet.css">
</head>
<body onload="open('allclasses-frame.html','classListFrame')">
<h1>Unit Test Results.</h1>
<table width="100%">
<tr>
<td align="left"></td><td align="right">Designed for use with <a href="http://www.junit.org/">JUnit</a> and <a href="http://ant.apache.org/">Ant</a>.</td>
</tr>
</table>
<hr size="1">
<h2>All Errors</h2>
<table class="details" border="0" cellpadding="5" cellspacing="2" width="95%">
<tr valign="top">
<th>Class</th><th>Name</th><th>Status</th><th width="80%">Type</th><th nowrap>Time(s)</th>
</tr>
<tr valign="top" class="Error">
<td><a href="all_production_test/5_US788_Collapse_Navigation_Pane_LLC_WOSB.html">US788_Collapse_Navigation_Pane_LLC_WOSB</a></td><td><a name="testSmokeLogin"></a><a href="all_production_test/5_US788_Collapse_Navigation_Pane_LLC_WOSB.html#testSmokeLogin">testSmokeLogin</a></td><td>Error</td><td>Unable to locate element: {"method":"xpath","selector":".//*[@id='js-navigation-menu']/li[2]/a"}
Command duration or timeout: 620 milliseconds
For documentation on this error, please visit: http://seleniumhq.org/exceptions/no_such_element.html
Build info: version: '2.53.0', revision: '35ae25b', time: '2016-03-15 16:57:40'
System info: host: 'Test-PC', ip: '10.1.10.141', os.name: 'Windows 7', os.arch: 'amd64', os.version: '6.1', java.version: '1.8.0_91'
Driver info: org.openqa.selenium.firefox.FirefoxDriver
Capabilities [{applicationCacheEnabled=true, rotatable=false, handlesAlerts=true, databaseEnabled=true, version=45.0.2, platform=WINDOWS, nativeEvents=false, acceptSslCerts=true, webStorageEnabled=true, locationContextEnabled=true, browserName=firefox, takesScreenshot=true, javascriptEnabled=true, cssSelectorsEnabled=true}]
Session ID: 3a514c4a-d173-47d1-aed2-d877ff046d16
*** Element info: {Using=xpath, value=.//*[@id='js-navigation-menu']/li[2]/a}<br>
<br>
<code>org.openqa.selenium.NoSuchElementException: Unable to locate element: {"method":"xpath","selector":".//*[@id='js-navigation-menu']/li[2]/a"}<br>Commmand duration or timeout: 620 milliseconds<br>For documentation on this error, please visit: http://seleniumhhq.org/exceptions/no_such_element.html<br>Build info: version: '2.53.0', revision: '35ae25b', time: '2016-03-15 16:57:40'<br>System info: host: 'Test-PC', ip: '10.1.10.141', os.name: 'Windows 7', os.arch: 'amd64', os.version: '6.1', java.version: '1.8.0_91'<br>Driver info: org.openqa.selenium.firefox.FirefoxDriver<br>Capabilities [{applicationCacheEnabled=true, rotatable=false, handlesAlerts=true, databaseEnabled=true, version=45.0.2, platform=WINDOWS, nativeEvents=false, accceptSslCerts=true, webStorageEnabled=true, locationContextEnabled=true, browserName=firefox, takesScreenshot=true, javascriptEnabled=true, cssSelectorsEnabled=true}]<br>Sessiion ID: 3a514c4a-d173-47d1-aed2-d877ff046d16<br>*** Element info: {Using=xpath, value=.//*[@id='js-navigation-menu']/lli[2]/a}<br>	at java.lang.reflect.Constructorr.newInstance(Unknown Source)<br>	at org.openqa.selenium.remote.ErrorHandler.createThrowable(ErrorHandler.java:206)<br>	at org.openqa.selenium.remote.ErrorHandler.throwIfResponseFailed(ErrorHandler.java:158)<br>	at org.openqa.selenium.remote.RemoteWebDriver.execute(RemoteWebDriver.java:678)<br>	at org.openqa.selenium.remote.RemoteWebDriver.findElement(RemoteWebDriver.java:363)<br>	at org.openqa.selenium.remote.RemoteWebDriver.findElementByXPath(RemoteWebDDriver.java:500)<br>	at org.openqa.selenium.Byy$ByXPath.findElement(By.java:361)<br>	at org.openqa.selenium.remote.RemoteWebDriver.findElement(RemoteWebDriver.java:355)<br>	at all_production_test.US788_Collapse_Navigation_Pane_LLC_WOSB.testSmokeLogin(US788_Collapse_Navigation_Pane_LLC_WOSB.java:105)<br>Caused by: org.openqa.selenium.NoSuchElementException: Unable to locate element: {"method":"xpath","selector":".//*[@id='js-naavigation-menu']/li[2]/a"}<br>For documentation on this error, please visit: http://seleniumhq.org/exceptions/no_such_element.html<br>Build info: version: '2.53.0', revision: '35ae25b', time: '2016-03-15 16:57:40'<br>System info: host: 'Test-PC', ip: '10.1.10.1441', os.name: 'Windows 7', os.arch: 'amd64', os.version: '6.1', java.version: '1.8.0_91'<br>Driver info:: driver.version: unknown<br>	at &lt;anonymous class&gt;.FirefoxDriver.prototype.findElementInternal_(file:///C:/Users/DERECN~1/AppData/Local/Temp/anonymous2564736048450249114webdriver-profile/extensions/fxdriver@googlecode.com/components/driver-component.js:10770)<br>	at &lt;anonymous class&gt;.FirefoxDriver.prototype.findElement(file:///C:/Users/DERECN~1/AAppData/Local/Temp/anonymous2564736048450249114webdriver-profile/extensions/fxdriver@googlecode.com/components/driver-component.js:10779)<br>	at &lt;anonymous class&gt;.DelayedCommand.prototype.executeInternal_/h(file:///C:/Users/DERECN~1/AppData/Local/Temp/anonymous2564736048450249114webdriver-profile/extensions/fxdriver@googlecode.com/components/command-processor.js:12661))<br>	at &lt;anonymous class&gt;.DelayedCommand.prototype.executeInternal_(file:///C:/Users/DERECN~1/AppData/Local/Temp/aanonymous2564736048450249114webdriver-profile/extensions/fxdriver@googlecode.com/components/command-processor.js:12666)<br>	at &lt;anonymous class&gt;.DelayedCommand.prototype.execute/&lt;(file:///C:/Users/DERECN~1/AppData/Local/Temp/anonymouss2564736048450249114webdriver-profile/extensions/fxdriver@googlecode.com/components/command-processor.js:12608)<br>
</code></td><td>20.848</td>
</tr>
</table>
</body>
</html>
